# JRE version: Java(TM) SE Runtime Environment (8.0_171-b11) (build 1.8.0_171-b11)
# Java VM: Java HotSpot(TM) 64-Bit Server VM (25.171-b11 mixed mode linux-amd64 compressed oops)
Heap:
 def new generation   total 69312K, used 0K [0x00000000e0000000, 0x00000000e4b30000, 0x00000000eaaa0000)
  eden space 61632K,   0% used [0x00000000e0000000, 0x00000000e0000000, 0x00000000e3c30000)
  from space 7680K,   0% used [0x00000000e43b0000, 0x00000000e43b0000, 0x00000000e4b30000)
  to   space 7680K,   0% used [0x00000000e3c30000, 0x00000000e3c30000, 0x00000000e43b0000)
 tenured generation   total 159488K, used 126365K [0x00000000eaaa0000, 0x00000000f4660000, 0x0000000100000000)
   the space 159488K,  79% used [0x00000000eaaa0000, 0x00000000f2607558, 0x00000000f2607600, 0x00000000f4660000)
 Metaspace       used 21465K, capacity 21638K, committed 22016K, reserved 1069056K
  class space    used 2390K, capacity 2462K, committed 2560K, reserved 1048576K
GC Heap History (10 events):
Event: 38.690 GC heap after
Heap after GC invocations=132 (full 7):
 def new generation   total 69312K, used 3332K [0x00000000e0000000, 0x00000000e4b30000, 0x00000000eaaa0000)
  eden space 61632K,   0% used [0x00000000e0000000, 0x00000000e0000000, 0x00000000e3c30000)
  from space 7680K,  43% used [0x00000000e3c30000, 0x00000000e3f71260, 0x00000000e43b0000)
  to   space 7680K,   0% used [0x00000000e43b0000, 0x00000000e43b0000, 0x00000000e4b30000)
 tenured generation   total 153920K, used 136079K [0x00000000eaaa0000, 0x00000000f40f0000, 0x0000000100000000)
   the space 153920K,  88% used [0x00000000eaaa0000, 0x00000000f2f83f48, 0x00000000f2f84000, 0x00000000f40f0000)
 Metaspace       used 21398K, capacity 21574K, committed 21760K, reserved 1069056K
  class space    used 2389K, capacity 2462K, committed 2560K, reserved 1048576K
}
Event: 39.131 GC heap before
{Heap before GC invocations=132 (full 7):
 def new generation   total 69312K, used 64964K [0x00000000e0000000, 0x00000000e4b30000, 0x00000000eaaa0000)
  eden space 61632K, 100% used [0x00000000e0000000, 0x00000000e3c30000, 0x00000000e3c30000)
  from space 7680K,  43% used [0x00000000e3c30000, 0x00000000e3f71260, 0x00000000e43b0000)
  to   space 7680K,   0% used [0x00000000e43b0000, 0x00000000e43b0000, 0x00000000e4b30000)
 tenured generation   total 153920K, used 136079K [0x00000000eaaa0000, 0x00000000f40f0000, 0x0000000100000000)
   the space 153920K,  88% used [0x00000000eaaa0000, 0x00000000f2f83f48, 0x00000000f2f84000, 0x00000000f40f0000)
 Metaspace       used 21408K, capacity 21574K, committed 21760K, reserved 1069056K
  class space    used 2389K, capacity 2462K, committed 2560K, reserved 1048576K
Event: 39.141 GC heap after
Heap after GC invocations=133 (full 7):
 def new generation   total 69312K, used 3704K [0x00000000e0000000, 0x00000000e4b30000, 0x00000000eaaa0000)
  eden space 61632K,   0% used [0x00000000e0000000, 0x00000000e0000000, 0x00000000e3c30000)
  from space 7680K,  48% used [0x00000000e43b0000, 0x00000000e474e1d8, 0x00000000e4b30000)
  to   space 7680K,   0% used [0x00000000e3c30000, 0x00000000e3c30000, 0x00000000e43b0000)
 tenured generation   total 153920K, used 136079K [0x00000000eaaa0000, 0x00000000f40f0000, 0x0000000100000000)
   the space 153920K,  88% used [0x00000000eaaa0000, 0x00000000f2f83f48, 0x00000000f2f84000, 0x00000000f40f0000)
 Metaspace       used 21408K, capacity 21574K, committed 21760K, reserved 1069056K
  class space    used 2389K, capacity 2462K, committed 2560K, reserved 1048576K
}
Event: 39.593 GC heap before
{Heap before GC invocations=133 (full 7):
 def new generation   total 69312K, used 65336K [0x00000000e0000000, 0x00000000e4b30000, 0x00000000eaaa0000)
  eden space 61632K, 100% used [0x00000000e0000000, 0x00000000e3c30000, 0x00000000e3c30000)
  from space 7680K,  48% used [0x00000000e43b0000, 0x00000000e474e1d8, 0x00000000e4b30000)
  to   space 7680K,   0% used [0x00000000e3c30000, 0x00000000e3c30000, 0x00000000e43b0000)
 tenured generation   total 153920K, used 136079K [0x00000000eaaa0000, 0x00000000f40f0000, 0x0000000100000000)
   the space 153920K,  88% used [0x00000000eaaa0000, 0x00000000f2f83f48, 0x00000000f2f84000, 0x00000000f40f0000)
 Metaspace       used 21447K, capacity 21638K, committed 22016K, reserved 1069056K
  class space    used 2390K, capacity 2462K, committed 2560K, reserved 1048576K
Event: 39.607 GC heap after
Heap after GC invocations=134 (full 7):
 def new generation   total 69312K, used 5275K [0x00000000e0000000, 0x00000000e4b30000, 0x00000000eaaa0000)
  eden space 61632K,   0% used [0x00000000e0000000, 0x00000000e0000000, 0x00000000e3c30000)
  from space 7680K,  68% used [0x00000000e3c30000, 0x00000000e4156e38, 0x00000000e43b0000)
  to   space 7680K,   0% used [0x00000000e43b0000, 0x00000000e43b0000, 0x00000000e4b30000)
 tenured generation   total 153920K, used 136079K [0x00000000eaaa0000, 0x00000000f40f0000, 0x0000000100000000)
   the space 153920K,  88% used [0x00000000eaaa0000, 0x00000000f2f83f48, 0x00000000f2f84000, 0x00000000f40f0000)
 Metaspace       used 21447K, capacity 21638K, committed 22016K, reserved 1069056K
  class space    used 2390K, capacity 2462K, committed 2560K, reserved 1048576K
}
Event: 39.992 GC heap before
{Heap before GC invocations=134 (full 7):
 def new generation   total 69312K, used 66907K [0x00000000e0000000, 0x00000000e4b30000, 0x00000000eaaa0000)
  eden space 61632K, 100% used [0x00000000e0000000, 0x00000000e3c30000, 0x00000000e3c30000)
  from space 7680K,  68% used [0x00000000e3c30000, 0x00000000e4156e38, 0x00000000e43b0000)
  to   space 7680K,   0% used [0x00000000e43b0000, 0x00000000e43b0000, 0x00000000e4b30000)
 tenured generation   total 153920K, used 136079K [0x00000000eaaa0000, 0x00000000f40f0000, 0x0000000100000000)
   the space 153920K,  88% used [0x00000000eaaa0000, 0x00000000f2f83f48, 0x00000000f2f84000, 0x00000000f40f0000)
 Metaspace       used 21463K, capacity 21638K, committed 22016K, reserved 1069056K
  class space    used 2390K, capacity 2462K, committed 2560K, reserved 1048576K
Event: 40.085 GC heap after
Heap after GC invocations=135 (full 7):
 def new generation   total 69312K, used 7679K [0x00000000e0000000, 0x00000000e4b30000, 0x00000000eaaa0000)
  eden space 61632K,   0% used [0x00000000e0000000, 0x00000000e0000000, 0x00000000e3c30000)
  from space 7680K,  99% used [0x00000000e43b0000, 0x00000000e4b2fff8, 0x00000000e4b30000)
  to   space 7680K,   0% used [0x00000000e3c30000, 0x00000000e3c30000, 0x00000000e43b0000)
 tenured generation   total 153920K, used 144783K [0x00000000eaaa0000, 0x00000000f40f0000, 0x0000000100000000)
   the space 153920K,  94% used [0x00000000eaaa0000, 0x00000000f3803c60, 0x00000000f3803e00, 0x00000000f40f0000)
 Metaspace       used 21463K, capacity 21638K, committed 22016K, reserved 1069056K
  class space    used 2390K, capacity 2462K, committed 2560K, reserved 1048576K
}
Event: 40.314 GC heap before
{Heap before GC invocations=135 (full 7):
 def new generation   total 69312K, used 69311K [0x00000000e0000000, 0x00000000e4b30000, 0x00000000eaaa0000)
  eden space 61632K, 100% used [0x00000000e0000000, 0x00000000e3c30000, 0x00000000e3c30000)
  from space 7680K,  99% used [0x00000000e43b0000, 0x00000000e4b2fff8, 0x00000000e4b30000)
  to   space 7680K,   0% used [0x00000000e3c30000, 0x00000000e3c30000, 0x00000000e43b0000)
 tenured generation   total 153920K, used 144783K [0x00000000eaaa0000, 0x00000000f40f0000, 0x0000000100000000)
   the space 153920K,  94% used [0x00000000eaaa0000, 0x00000000f3803c60, 0x00000000f3803e00, 0x00000000f40f0000)
 Metaspace       used 21464K, capacity 21638K, committed 22016K, reserved 1069056K
  class space    used 2390K, capacity 2462K, committed 2560K, reserved 1048576K
Event: 40.372 GC heap after
Heap after GC invocations=136 (full 7):
 def new generation   total 69312K, used 7073K [0x00000000e0000000, 0x00000000e4b30000, 0x00000000eaaa0000)
  eden space 61632K,   0% used [0x00000000e0000000, 0x00000000e0000000, 0x00000000e3c30000)
  from space 7680K,  92% used [0x00000000e3c30000, 0x00000000e43187d0, 0x00000000e43b0000)
  to   space 7680K,   0% used [0x00000000e43b0000, 0x00000000e43b0000, 0x00000000e4b30000)
 tenured generation   total 153920K, used 152314K [0x00000000eaaa0000, 0x00000000f40f0000, 0x0000000100000000)
   the space 153920K,  98% used [0x00000000eaaa0000, 0x00000000f3f5e9d0, 0x00000000f3f5ea00, 0x00000000f40f0000)
 Metaspace       used 21464K, capacity 21638K, committed 22016K, reserved 1069056K
  class space    used 2390K, capacity 2462K, committed 2560K, reserved 1048576K
}
Event: 40.760 GC heap before
{Heap before GC invocations=136 (full 7):
 def new generation   total 69312K, used 68705K [0x00000000e0000000, 0x00000000e4b30000, 0x00000000eaaa0000)
  eden space 61632K, 100% used [0x00000000e0000000, 0x00000000e3c30000, 0x00000000e3c30000)
  from space 7680K,  92% used [0x00000000e3c30000, 0x00000000e43187d0, 0x00000000e43b0000)
  to   space 7680K,   0% used [0x00000000e43b0000, 0x00000000e43b0000, 0x00000000e4b30000)
 tenured generation   total 153920K, used 152314K [0x00000000eaaa0000, 0x00000000f40f0000, 0x0000000100000000)
   the space 153920K,  98% used [0x00000000eaaa0000, 0x00000000f3f5e9d0, 0x00000000f3f5ea00, 0x00000000f40f0000)
 Metaspace       used 21465K, capacity 21638K, committed 22016K, reserved 1069056K
  class space    used 2390K, capacity 2462K, committed 2560K, reserved 1048576K

