# JRE version: Java(TM) SE Runtime Environment (8.0_171-b11) (build 1.8.0_171-b11)
# Java VM: Java HotSpot(TM) 64-Bit Server VM (25.171-b11 mixed mode linux-amd64 compressed oops)
Heap:
 def new generation   total 60352K, used 0K [0x00000000e0000000, 0x00000000e4170000, 0x00000000eaaa0000)
  eden space 53696K,   0% used [0x00000000e0000000, 0x00000000e0000000, 0x00000000e3470000)
  from space 6656K,   0% used [0x00000000e3470000, 0x00000000e3470000, 0x00000000e3af0000)
  to   space 6656K,   0% used [0x00000000e3af0000, 0x00000000e3af0000, 0x00000000e4170000)
 tenured generation   total 135152K, used 104120K [0x00000000eaaa0000, 0x00000000f2e9c000, 0x0000000100000000)
   the space 135152K,  77% used [0x00000000eaaa0000, 0x00000000f104e138, 0x00000000f104e200, 0x00000000f2e9c000)
 Metaspace       used 21406K, capacity 21526K, committed 21760K, reserved 1069056K
  class space    used 2389K, capacity 2462K, committed 2560K, reserved 1048576K
GC Heap History (10 events):
Event: 61.388 GC heap after
Heap after GC invocations=129 (full 7):
 def new generation   total 60352K, used 4129K [0x00000000e0000000, 0x00000000e4170000, 0x00000000eaaa0000)
  eden space 53696K,   0% used [0x00000000e0000000, 0x00000000e0000000, 0x00000000e3470000)
  from space 6656K,  62% used [0x00000000e3af0000, 0x00000000e3ef8788, 0x00000000e4170000)
  to   space 6656K,   0% used [0x00000000e3470000, 0x00000000e3470000, 0x00000000e3af0000)
 tenured generation   total 134000K, used 129735K [0x00000000eaaa0000, 0x00000000f2d7c000, 0x0000000100000000)
   the space 134000K,  96% used [0x00000000eaaa0000, 0x00000000f2951d40, 0x00000000f2951e00, 0x00000000f2d7c000)
 Metaspace       used 21300K, capacity 21462K, committed 21760K, reserved 1069056K
  class space    used 2389K, capacity 2462K, committed 2560K, reserved 1048576K
}
Event: 61.904 GC heap before
{Heap before GC invocations=129 (full 7):
 def new generation   total 60352K, used 57825K [0x00000000e0000000, 0x00000000e4170000, 0x00000000eaaa0000)
  eden space 53696K, 100% used [0x00000000e0000000, 0x00000000e3470000, 0x00000000e3470000)
  from space 6656K,  62% used [0x00000000e3af0000, 0x00000000e3ef8788, 0x00000000e4170000)
  to   space 6656K,   0% used [0x00000000e3470000, 0x00000000e3470000, 0x00000000e3af0000)
 tenured generation   total 134000K, used 129735K [0x00000000eaaa0000, 0x00000000f2d7c000, 0x0000000100000000)
   the space 134000K,  96% used [0x00000000eaaa0000, 0x00000000f2951d40, 0x00000000f2951e00, 0x00000000f2d7c000)
 Metaspace       used 21312K, capacity 21462K, committed 21760K, reserved 1069056K
  class space    used 2389K, capacity 2462K, committed 2560K, reserved 1048576K
Event: 61.927 GC heap after
Heap after GC invocations=130 (full 7):
 def new generation   total 60352K, used 3393K [0x00000000e0000000, 0x00000000e4170000, 0x00000000eaaa0000)
  eden space 53696K,   0% used [0x00000000e0000000, 0x00000000e0000000, 0x00000000e3470000)
  from space 6656K,  50% used [0x00000000e3470000, 0x00000000e37c05f8, 0x00000000e3af0000)
  to   space 6656K,   0% used [0x00000000e3af0000, 0x00000000e3af0000, 0x00000000e4170000)
 tenured generation   total 134000K, used 131444K [0x00000000eaaa0000, 0x00000000f2d7c000, 0x0000000100000000)
   the space 134000K,  98% used [0x00000000eaaa0000, 0x00000000f2afd038, 0x00000000f2afd200, 0x00000000f2d7c000)
 Metaspace       used 21312K, capacity 21462K, committed 21760K, reserved 1069056K
  class space    used 2389K, capacity 2462K, committed 2560K, reserved 1048576K
}
Event: 62.515 GC heap before
{Heap before GC invocations=130 (full 7):
 def new generation   total 60352K, used 57089K [0x00000000e0000000, 0x00000000e4170000, 0x00000000eaaa0000)
  eden space 53696K, 100% used [0x00000000e0000000, 0x00000000e3470000, 0x00000000e3470000)
  from space 6656K,  50% used [0x00000000e3470000, 0x00000000e37c05f8, 0x00000000e3af0000)
  to   space 6656K,   0% used [0x00000000e3af0000, 0x00000000e3af0000, 0x00000000e4170000)
 tenured generation   total 134000K, used 131444K [0x00000000eaaa0000, 0x00000000f2d7c000, 0x0000000100000000)
   the space 134000K,  98% used [0x00000000eaaa0000, 0x00000000f2afd038, 0x00000000f2afd200, 0x00000000f2d7c000)
 Metaspace       used 21331K, capacity 21462K, committed 21760K, reserved 1069056K
  class space    used 2389K, capacity 2462K, committed 2560K, reserved 1048576K
Event: 62.537 GC heap after
Heap after GC invocations=131 (full 7):
 def new generation   total 60352K, used 5237K [0x00000000e0000000, 0x00000000e4170000, 0x00000000eaaa0000)
  eden space 53696K,   0% used [0x00000000e0000000, 0x00000000e0000000, 0x00000000e3470000)
  from space 6656K,  78% used [0x00000000e3af0000, 0x00000000e400d650, 0x00000000e4170000)
  to   space 6656K,   0% used [0x00000000e3470000, 0x00000000e3470000, 0x00000000e3af0000)
 tenured generation   total 134000K, used 132018K [0x00000000eaaa0000, 0x00000000f2d7c000, 0x0000000100000000)
   the space 134000K,  98% used [0x00000000eaaa0000, 0x00000000f2b8cbd8, 0x00000000f2b8cc00, 0x00000000f2d7c000)
 Metaspace       used 21331K, capacity 21462K, committed 21760K, reserved 1069056K
  class space    used 2389K, capacity 2462K, committed 2560K, reserved 1048576K
}
Event: 63.088 GC heap before
{Heap before GC invocations=131 (full 7):
 def new generation   total 60352K, used 58933K [0x00000000e0000000, 0x00000000e4170000, 0x00000000eaaa0000)
  eden space 53696K, 100% used [0x00000000e0000000, 0x00000000e3470000, 0x00000000e3470000)
  from space 6656K,  78% used [0x00000000e3af0000, 0x00000000e400d650, 0x00000000e4170000)
  to   space 6656K,   0% used [0x00000000e3470000, 0x00000000e3470000, 0x00000000e3af0000)
 tenured generation   total 134000K, used 132018K [0x00000000eaaa0000, 0x00000000f2d7c000, 0x0000000100000000)
   the space 134000K,  98% used [0x00000000eaaa0000, 0x00000000f2b8cbd8, 0x00000000f2b8cc00, 0x00000000f2d7c000)
 Metaspace       used 21364K, capacity 21526K, committed 21760K, reserved 1069056K
  class space    used 2389K, capacity 2462K, committed 2560K, reserved 1048576K
Event: 63.110 GC heap after
Heap after GC invocations=132 (full 7):
 def new generation   total 60352K, used 3287K [0x00000000e0000000, 0x00000000e4170000, 0x00000000eaaa0000)
  eden space 53696K,   0% used [0x00000000e0000000, 0x00000000e0000000, 0x00000000e3470000)
  from space 6656K,  49% used [0x00000000e3470000, 0x00000000e37a5d30, 0x00000000e3af0000)
  to   space 6656K,   0% used [0x00000000e3af0000, 0x00000000e3af0000, 0x00000000e4170000)
 tenured generation   total 134000K, used 133717K [0x00000000eaaa0000, 0x00000000f2d7c000, 0x0000000100000000)
   the space 134000K,  99% used [0x00000000eaaa0000, 0x00000000f2d355a0, 0x00000000f2d35600, 0x00000000f2d7c000)
 Metaspace       used 21364K, capacity 21526K, committed 21760K, reserved 1069056K
  class space    used 2389K, capacity 2462K, committed 2560K, reserved 1048576K
}
Event: 63.662 GC heap before
{Heap before GC invocations=132 (full 7):
 def new generation   total 60352K, used 56983K [0x00000000e0000000, 0x00000000e4170000, 0x00000000eaaa0000)
  eden space 53696K, 100% used [0x00000000e0000000, 0x00000000e3470000, 0x00000000e3470000)
  from space 6656K,  49% used [0x00000000e3470000, 0x00000000e37a5d30, 0x00000000e3af0000)
  to   space 6656K,   0% used [0x00000000e3af0000, 0x00000000e3af0000, 0x00000000e4170000)
 tenured generation   total 134000K, used 133717K [0x00000000eaaa0000, 0x00000000f2d7c000, 0x0000000100000000)
   the space 134000K,  99% used [0x00000000eaaa0000, 0x00000000f2d355a0, 0x00000000f2d35600, 0x00000000f2d7c000)
 Metaspace       used 21394K, capacity 21526K, committed 21760K, reserved 1069056K
  class space    used 2389K, capacity 2462K, committed 2560K, reserved 1048576K
Event: 63.683 GC heap after
Heap after GC invocations=133 (full 7):
 def new generation   total 60352K, used 5371K [0x00000000e0000000, 0x00000000e4170000, 0x00000000eaaa0000)
  eden space 53696K,   0% used [0x00000000e0000000, 0x00000000e0000000, 0x00000000e3470000)
  from space 6656K,  80% used [0x00000000e3af0000, 0x00000000e402ece8, 0x00000000e4170000)
  to   space 6656K,   0% used [0x00000000e3470000, 0x00000000e3470000, 0x00000000e3af0000)
 tenured generation   total 134000K, used 133717K [0x00000000eaaa0000, 0x00000000f2d7c000, 0x0000000100000000)
   the space 134000K,  99% used [0x00000000eaaa0000, 0x00000000f2d355a0, 0x00000000f2d35600, 0x00000000f2d7c000)
 Metaspace       used 21394K, capacity 21526K, committed 21760K, reserved 1069056K
  class space    used 2389K, capacity 2462K, committed 2560K, reserved 1048576K
}
Event: 64.132 GC heap before
{Heap before GC invocations=133 (full 7):
 def new generation   total 60352K, used 59067K [0x00000000e0000000, 0x00000000e4170000, 0x00000000eaaa0000)
  eden space 53696K, 100% used [0x00000000e0000000, 0x00000000e3470000, 0x00000000e3470000)
  from space 6656K,  80% used [0x00000000e3af0000, 0x00000000e402ece8, 0x00000000e4170000)
  to   space 6656K,   0% used [0x00000000e3470000, 0x00000000e3470000, 0x00000000e3af0000)
 tenured generation   total 134000K, used 133717K [0x00000000eaaa0000, 0x00000000f2d7c000, 0x0000000100000000)
   the space 134000K,  99% used [0x00000000eaaa0000, 0x00000000f2d355a0, 0x00000000f2d35600, 0x00000000f2d7c000)
 Metaspace       used 21406K, capacity 21526K, committed 21760K, reserved 1069056K
  class space    used 2389K, capacity 2462K, committed 2560K, reserved 1048576K

