# JRE version: OpenJDK Runtime Environment (8.0_162-b12) (build 1.8.0_162-8u162-b12-0ubuntu0.16.04.2-b12)
# Java VM: OpenJDK 64-Bit Server VM (25.162-b12 mixed mode linux-amd64 compressed oops)
Heap:
 def new generation   total 88320K, used 0K [0x00000000e0000000, 0x00000000e5fd0000, 0x00000000eaaa0000)
  eden space 78528K,   0% used [0x00000000e0000000, 0x00000000e0000000, 0x00000000e4cb0000)
  from space 9792K,   0% used [0x00000000e4cb0000, 0x00000000e4cb0000, 0x00000000e5640000)
  to   space 9792K,   0% used [0x00000000e5640000, 0x00000000e5640000, 0x00000000e5fd0000)
 tenured generation   total 197704K, used 139126K [0x00000000eaaa0000, 0x00000000f6bb2000, 0x0000000100000000)
   the space 197704K,  70% used [0x00000000eaaa0000, 0x00000000f327da98, 0x00000000f327dc00, 0x00000000f6bb2000)
 Metaspace       used 22394K, capacity 22582K, committed 22784K, reserved 1069056K
  class space    used 2428K, capacity 2494K, committed 2560K, reserved 1048576K
GC Heap History (10 events):
Event: 213.069 GC heap after
Heap after GC invocations=178 (full 8):
 def new generation   total 88320K, used 4785K [0x00000000e0000000, 0x00000000e5fd0000, 0x00000000eaaa0000)
  eden space 78528K,   0% used [0x00000000e0000000, 0x00000000e0000000, 0x00000000e4cb0000)
  from space 9792K,  48% used [0x00000000e5640000, 0x00000000e5aec500, 0x00000000e5fd0000)
  to   space 9792K,   0% used [0x00000000e4cb0000, 0x00000000e4cb0000, 0x00000000e5640000)
 tenured generation   total 196168K, used 184845K [0x00000000eaaa0000, 0x00000000f6a32000, 0x0000000100000000)
   the space 196168K,  94% used [0x00000000eaaa0000, 0x00000000f5f237a8, 0x00000000f5f23800, 0x00000000f6a32000)
 Metaspace       used 22386K, capacity 22582K, committed 22784K, reserved 1069056K
  class space    used 2428K, capacity 2494K, committed 2560K, reserved 1048576K
}
Event: 239.678 GC heap before
{Heap before GC invocations=178 (full 8):
 def new generation   total 88320K, used 83313K [0x00000000e0000000, 0x00000000e5fd0000, 0x00000000eaaa0000)
  eden space 78528K, 100% used [0x00000000e0000000, 0x00000000e4cb0000, 0x00000000e4cb0000)
  from space 9792K,  48% used [0x00000000e5640000, 0x00000000e5aec500, 0x00000000e5fd0000)
  to   space 9792K,   0% used [0x00000000e4cb0000, 0x00000000e4cb0000, 0x00000000e5640000)
 tenured generation   total 196168K, used 184845K [0x00000000eaaa0000, 0x00000000f6a32000, 0x0000000100000000)
   the space 196168K,  94% used [0x00000000eaaa0000, 0x00000000f5f237a8, 0x00000000f5f23800, 0x00000000f6a32000)
 Metaspace       used 22389K, capacity 22582K, committed 22784K, reserved 1069056K
  class space    used 2428K, capacity 2494K, committed 2560K, reserved 1048576K
Event: 244.112 GC heap after
Heap after GC invocations=179 (full 8):
 def new generation   total 88320K, used 6932K [0x00000000e0000000, 0x00000000e5fd0000, 0x00000000eaaa0000)
  eden space 78528K,   0% used [0x00000000e0000000, 0x00000000e0000000, 0x00000000e4cb0000)
  from space 9792K,  70% used [0x00000000e4cb0000, 0x00000000e5375230, 0x00000000e5640000)
  to   space 9792K,   0% used [0x00000000e5640000, 0x00000000e5640000, 0x00000000e5fd0000)
 tenured generation   total 196168K, used 184845K [0x00000000eaaa0000, 0x00000000f6a32000, 0x0000000100000000)
   the space 196168K,  94% used [0x00000000eaaa0000, 0x00000000f5f237a8, 0x00000000f5f23800, 0x00000000f6a32000)
 Metaspace       used 22389K, capacity 22582K, committed 22784K, reserved 1069056K
  class space    used 2428K, capacity 2494K, committed 2560K, reserved 1048576K
}
Event: 245.005 GC heap before
{Heap before GC invocations=179 (full 8):
 def new generation   total 88320K, used 85460K [0x00000000e0000000, 0x00000000e5fd0000, 0x00000000eaaa0000)
  eden space 78528K, 100% used [0x00000000e0000000, 0x00000000e4cb0000, 0x00000000e4cb0000)
  from space 9792K,  70% used [0x00000000e4cb0000, 0x00000000e5375230, 0x00000000e5640000)
  to   space 9792K,   0% used [0x00000000e5640000, 0x00000000e5640000, 0x00000000e5fd0000)
 tenured generation   total 196168K, used 184845K [0x00000000eaaa0000, 0x00000000f6a32000, 0x0000000100000000)
   the space 196168K,  94% used [0x00000000eaaa0000, 0x00000000f5f237a8, 0x00000000f5f23800, 0x00000000f6a32000)
 Metaspace       used 22390K, capacity 22582K, committed 22784K, reserved 1069056K
  class space    used 2428K, capacity 2494K, committed 2560K, reserved 1048576K
Event: 245.351 GC heap after
Heap after GC invocations=180 (full 8):
 def new generation   total 88320K, used 6255K [0x00000000e0000000, 0x00000000e5fd0000, 0x00000000eaaa0000)
  eden space 78528K,   0% used [0x00000000e0000000, 0x00000000e0000000, 0x00000000e4cb0000)
  from space 9792K,  63% used [0x00000000e5640000, 0x00000000e5c5be20, 0x00000000e5fd0000)
  to   space 9792K,   0% used [0x00000000e4cb0000, 0x00000000e4cb0000, 0x00000000e5640000)
 tenured generation   total 196168K, used 186716K [0x00000000eaaa0000, 0x00000000f6a32000, 0x0000000100000000)
   the space 196168K,  95% used [0x00000000eaaa0000, 0x00000000f60f7140, 0x00000000f60f7200, 0x00000000f6a32000)
 Metaspace       used 22390K, capacity 22582K, committed 22784K, reserved 1069056K
  class space    used 2428K, capacity 2494K, committed 2560K, reserved 1048576K
}
Event: 245.804 GC heap before
{Heap before GC invocations=180 (full 8):
 def new generation   total 88320K, used 84783K [0x00000000e0000000, 0x00000000e5fd0000, 0x00000000eaaa0000)
  eden space 78528K, 100% used [0x00000000e0000000, 0x00000000e4cb0000, 0x00000000e4cb0000)
  from space 9792K,  63% used [0x00000000e5640000, 0x00000000e5c5be20, 0x00000000e5fd0000)
  to   space 9792K,   0% used [0x00000000e4cb0000, 0x00000000e4cb0000, 0x00000000e5640000)
 tenured generation   total 196168K, used 186716K [0x00000000eaaa0000, 0x00000000f6a32000, 0x0000000100000000)
   the space 196168K,  95% used [0x00000000eaaa0000, 0x00000000f60f7140, 0x00000000f60f7200, 0x00000000f6a32000)
 Metaspace       used 22390K, capacity 22582K, committed 22784K, reserved 1069056K
  class space    used 2428K, capacity 2494K, committed 2560K, reserved 1048576K
Event: 245.838 GC heap after
Heap after GC invocations=181 (full 8):
 def new generation   total 88320K, used 9791K [0x00000000e0000000, 0x00000000e5fd0000, 0x00000000eaaa0000)
  eden space 78528K,   0% used [0x00000000e0000000, 0x00000000e0000000, 0x00000000e4cb0000)
  from space 9792K,  99% used [0x00000000e4cb0000, 0x00000000e563fff8, 0x00000000e5640000)
  to   space 9792K,   0% used [0x00000000e5640000, 0x00000000e5640000, 0x00000000e5fd0000)
 tenured generation   total 196168K, used 191328K [0x00000000eaaa0000, 0x00000000f6a32000, 0x0000000100000000)
   the space 196168K,  97% used [0x00000000eaaa0000, 0x00000000f6578328, 0x00000000f6578400, 0x00000000f6a32000)
 Metaspace       used 22390K, capacity 22582K, committed 22784K, reserved 1069056K
  class space    used 2428K, capacity 2494K, committed 2560K, reserved 1048576K
}
Event: 246.031 GC heap before
{Heap before GC invocations=181 (full 8):
 def new generation   total 88320K, used 88319K [0x00000000e0000000, 0x00000000e5fd0000, 0x00000000eaaa0000)
  eden space 78528K, 100% used [0x00000000e0000000, 0x00000000e4cb0000, 0x00000000e4cb0000)
  from space 9792K,  99% used [0x00000000e4cb0000, 0x00000000e563fff8, 0x00000000e5640000)
  to   space 9792K,   0% used [0x00000000e5640000, 0x00000000e5640000, 0x00000000e5fd0000)
 tenured generation   total 196168K, used 191328K [0x00000000eaaa0000, 0x00000000f6a32000, 0x0000000100000000)
   the space 196168K,  97% used [0x00000000eaaa0000, 0x00000000f6578328, 0x00000000f6578400, 0x00000000f6a32000)
 Metaspace       used 22393K, capacity 22582K, committed 22784K, reserved 1069056K
  class space    used 2428K, capacity 2494K, committed 2560K, reserved 1048576K
Event: 246.069 GC heap after
Heap after GC invocations=182 (full 8):
 def new generation   total 88320K, used 9133K [0x00000000e0000000, 0x00000000e5fd0000, 0x00000000eaaa0000)
  eden space 78528K,   0% used [0x00000000e0000000, 0x00000000e0000000, 0x00000000e4cb0000)
  from space 9792K,  93% used [0x00000000e5640000, 0x00000000e5f2b430, 0x00000000e5fd0000)
  to   space 9792K,   0% used [0x00000000e4cb0000, 0x00000000e4cb0000, 0x00000000e5640000)
 tenured generation   total 196168K, used 195298K [0x00000000eaaa0000, 0x00000000f6a32000, 0x0000000100000000)
   the space 196168K,  99% used [0x00000000eaaa0000, 0x00000000f6958ba0, 0x00000000f6958c00, 0x00000000f6a32000)
 Metaspace       used 22393K, capacity 22582K, committed 22784K, reserved 1069056K
  class space    used 2428K, capacity 2494K, committed 2560K, reserved 1048576K
}
Event: 246.524 GC heap before
{Heap before GC invocations=182 (full 8):
 def new generation   total 88320K, used 87661K [0x00000000e0000000, 0x00000000e5fd0000, 0x00000000eaaa0000)
  eden space 78528K, 100% used [0x00000000e0000000, 0x00000000e4cb0000, 0x00000000e4cb0000)
  from space 9792K,  93% used [0x00000000e5640000, 0x00000000e5f2b430, 0x00000000e5fd0000)
  to   space 9792K,   0% used [0x00000000e4cb0000, 0x00000000e4cb0000, 0x00000000e5640000)
 tenured generation   total 196168K, used 195298K [0x00000000eaaa0000, 0x00000000f6a32000, 0x0000000100000000)
   the space 196168K,  99% used [0x00000000eaaa0000, 0x00000000f6958ba0, 0x00000000f6958c00, 0x00000000f6a32000)
 Metaspace       used 22394K, capacity 22582K, committed 22784K, reserved 1069056K
  class space    used 2428K, capacity 2494K, committed 2560K, reserved 1048576K

