# JRE version: Java(TM) SE Runtime Environment (8.0_181-b13) (build 1.8.0_181-b13)
# Java VM: Java HotSpot(TM) 64-Bit Server VM (25.181-b13 mixed mode linux-amd64 compressed oops)
Heap:
 PSYoungGen      total 141312K, used 0K [0x00000000f5580000, 0x0000000100000000, 0x0000000100000000)
  eden space 108032K, 0% used [0x00000000f5580000,0x00000000f5580000,0x00000000fbf00000)
  from space 33280K, 0% used [0x00000000fbf00000,0x00000000fbf00000,0x00000000fdf80000)
  to   space 33280K, 0% used [0x00000000fdf80000,0x00000000fdf80000,0x0000000100000000)
 ParOldGen       total 157696K, used 154807K [0x00000000e0000000, 0x00000000e9a00000, 0x00000000f5580000)
  object space 157696K, 98% used [0x00000000e0000000,0x00000000e972dcc0,0x00000000e9a00000)
 Metaspace       used 21614K, capacity 21854K, committed 22016K, reserved 1069056K
  class space    used 2393K, capacity 2466K, committed 2560K, reserved 1048576K
GC Heap History (10 events):
Event: 41.033 GC heap after
Heap after GC invocations=42 (full 5):
 PSYoungGen      total 152576K, used 21491K [0x00000000f5580000, 0x0000000100000000, 0x0000000100000000)
  eden space 131072K, 0% used [0x00000000f5580000,0x00000000f5580000,0x00000000fd580000)
  from space 21504K, 99% used [0x00000000fd580000,0x00000000fea7cc58,0x00000000fea80000)
  to   space 22016K, 0% used [0x00000000fea80000,0x00000000fea80000,0x0000000100000000)
 ParOldGen       total 157696K, used 124139K [0x00000000e0000000, 0x00000000e9a00000, 0x00000000f5580000)
  object space 157696K, 78% used [0x00000000e0000000,0x00000000e793aff8,0x00000000e9a00000)
 Metaspace       used 21567K, capacity 21790K, committed 22016K, reserved 1069056K
  class space    used 2393K, capacity 2466K, committed 2560K, reserved 1048576K
}
Event: 41.428 GC heap before
{Heap before GC invocations=43 (full 5):
 PSYoungGen      total 152576K, used 152563K [0x00000000f5580000, 0x0000000100000000, 0x0000000100000000)
  eden space 131072K, 100% used [0x00000000f5580000,0x00000000fd580000,0x00000000fd580000)
  from space 21504K, 99% used [0x00000000fd580000,0x00000000fea7cc58,0x00000000fea80000)
  to   space 22016K, 0% used [0x00000000fea80000,0x00000000fea80000,0x0000000100000000)
 ParOldGen       total 157696K, used 124139K [0x00000000e0000000, 0x00000000e9a00000, 0x00000000f5580000)
  object space 157696K, 78% used [0x00000000e0000000,0x00000000e793aff8,0x00000000e9a00000)
 Metaspace       used 21594K, capacity 21854K, committed 22016K, reserved 1069056K
  class space    used 2393K, capacity 2466K, committed 2560K, reserved 1048576K
Event: 41.470 GC heap after
Heap after GC invocations=43 (full 5):
 PSYoungGen      total 145408K, used 20569K [0x00000000f5580000, 0x0000000100000000, 0x0000000100000000)
  eden space 123392K, 0% used [0x00000000f5580000,0x00000000f5580000,0x00000000fce00000)
  from space 22016K, 93% used [0x00000000fea80000,0x00000000ffe96508,0x0000000100000000)
  to   space 25600K, 0% used [0x00000000fce00000,0x00000000fce00000,0x00000000fe700000)
 ParOldGen       total 157696K, used 126488K [0x00000000e0000000, 0x00000000e9a00000, 0x00000000f5580000)
  object space 157696K, 80% used [0x00000000e0000000,0x00000000e7b86048,0x00000000e9a00000)
 Metaspace       used 21594K, capacity 21854K, committed 22016K, reserved 1069056K
  class space    used 2393K, capacity 2466K, committed 2560K, reserved 1048576K
}
Event: 41.671 GC heap before
{Heap before GC invocations=44 (full 5):
 PSYoungGen      total 145408K, used 143961K [0x00000000f5580000, 0x0000000100000000, 0x0000000100000000)
  eden space 123392K, 100% used [0x00000000f5580000,0x00000000fce00000,0x00000000fce00000)
  from space 22016K, 93% used [0x00000000fea80000,0x00000000ffe96508,0x0000000100000000)
  to   space 25600K, 0% used [0x00000000fce00000,0x00000000fce00000,0x00000000fe700000)
 ParOldGen       total 157696K, used 126488K [0x00000000e0000000, 0x00000000e9a00000, 0x00000000f5580000)
  object space 157696K, 80% used [0x00000000e0000000,0x00000000e7b86048,0x00000000e9a00000)
 Metaspace       used 21596K, capacity 21854K, committed 22016K, reserved 1069056K
  class space    used 2393K, capacity 2466K, committed 2560K, reserved 1048576K
Event: 43.038 GC heap after
Heap after GC invocations=44 (full 5):
 PSYoungGen      total 148992K, used 25587K [0x00000000f5580000, 0x0000000100000000, 0x0000000100000000)
  eden space 123392K, 0% used [0x00000000f5580000,0x00000000f5580000,0x00000000fce00000)
  from space 25600K, 99% used [0x00000000fce00000,0x00000000fe6fcda8,0x00000000fe700000)
  to   space 25600K, 0% used [0x00000000fe700000,0x00000000fe700000,0x0000000100000000)
 ParOldGen       total 157696K, used 139316K [0x00000000e0000000, 0x00000000e9a00000, 0x00000000f5580000)
  object space 157696K, 88% used [0x00000000e0000000,0x00000000e880d3b8,0x00000000e9a00000)
 Metaspace       used 21596K, capacity 21854K, committed 22016K, reserved 1069056K
  class space    used 2393K, capacity 2466K, committed 2560K, reserved 1048576K
}
Event: 45.744 GC heap before
{Heap before GC invocations=45 (full 5):
 PSYoungGen      total 148992K, used 148979K [0x00000000f5580000, 0x0000000100000000, 0x0000000100000000)
  eden space 123392K, 100% used [0x00000000f5580000,0x00000000fce00000,0x00000000fce00000)
  from space 25600K, 99% used [0x00000000fce00000,0x00000000fe6fcda8,0x00000000fe700000)
  to   space 25600K, 0% used [0x00000000fe700000,0x00000000fe700000,0x0000000100000000)
 ParOldGen       total 157696K, used 139316K [0x00000000e0000000, 0x00000000e9a00000, 0x00000000f5580000)
  object space 157696K, 88% used [0x00000000e0000000,0x00000000e880d3b8,0x00000000e9a00000)
 Metaspace       used 21603K, capacity 21854K, committed 22016K, reserved 1069056K
  class space    used 2393K, capacity 2466K, committed 2560K, reserved 1048576K
Event: 46.855 GC heap after
Heap after GC invocations=45 (full 5):
 PSYoungGen      total 133632K, used 22726K [0x00000000f5580000, 0x0000000100000000, 0x0000000100000000)
  eden space 108032K, 0% used [0x00000000f5580000,0x00000000f5580000,0x00000000fbf00000)
  from space 25600K, 88% used [0x00000000fe700000,0x00000000ffd31b20,0x0000000100000000)
  to   space 33280K, 0% used [0x00000000fbf00000,0x00000000fbf00000,0x00000000fdf80000)
 ParOldGen       total 157696K, used 141352K [0x00000000e0000000, 0x00000000e9a00000, 0x00000000f5580000)
  object space 157696K, 89% used [0x00000000e0000000,0x00000000e8a0a3c8,0x00000000e9a00000)
 Metaspace       used 21603K, capacity 21854K, committed 22016K, reserved 1069056K
  class space    used 2393K, capacity 2466K, committed 2560K, reserved 1048576K
}
Event: 52.016 GC heap before
{Heap before GC invocations=46 (full 5):
 PSYoungGen      total 133632K, used 130758K [0x00000000f5580000, 0x0000000100000000, 0x0000000100000000)
  eden space 108032K, 100% used [0x00000000f5580000,0x00000000fbf00000,0x00000000fbf00000)
  from space 25600K, 88% used [0x00000000fe700000,0x00000000ffd31b20,0x0000000100000000)
  to   space 33280K, 0% used [0x00000000fbf00000,0x00000000fbf00000,0x00000000fdf80000)
 ParOldGen       total 157696K, used 141352K [0x00000000e0000000, 0x00000000e9a00000, 0x00000000f5580000)
  object space 157696K, 89% used [0x00000000e0000000,0x00000000e8a0a3c8,0x00000000e9a00000)
 Metaspace       used 21614K, capacity 21854K, committed 22016K, reserved 1069056K
  class space    used 2393K, capacity 2466K, committed 2560K, reserved 1048576K
Event: 52.456 GC heap after
Heap after GC invocations=46 (full 5):
 PSYoungGen      total 141312K, used 33277K [0x00000000f5580000, 0x0000000100000000, 0x0000000100000000)
  eden space 108032K, 0% used [0x00000000f5580000,0x00000000f5580000,0x00000000fbf00000)
  from space 33280K, 99% used [0x00000000fbf00000,0x00000000fdf7f4d8,0x00000000fdf80000)
  to   space 33280K, 0% used [0x00000000fdf80000,0x00000000fdf80000,0x0000000100000000)
 ParOldGen       total 157696K, used 148940K [0x00000000e0000000, 0x00000000e9a00000, 0x00000000f5580000)
  object space 157696K, 94% used [0x00000000e0000000,0x00000000e9173340,0x00000000e9a00000)
 Metaspace       used 21614K, capacity 21854K, committed 22016K, reserved 1069056K
  class space    used 2393K, capacity 2466K, committed 2560K, reserved 1048576K
}
Event: 52.552 GC heap before
{Heap before GC invocations=47 (full 6):
 PSYoungGen      total 141312K, used 33277K [0x00000000f5580000, 0x0000000100000000, 0x0000000100000000)
  eden space 108032K, 0% used [0x00000000f5580000,0x00000000f5580000,0x00000000fbf00000)
  from space 33280K, 99% used [0x00000000fbf00000,0x00000000fdf7f4d8,0x00000000fdf80000)
  to   space 33280K, 0% used [0x00000000fdf80000,0x00000000fdf80000,0x0000000100000000)
 ParOldGen       total 157696K, used 148940K [0x00000000e0000000, 0x00000000e9a00000, 0x00000000f5580000)
  object space 157696K, 94% used [0x00000000e0000000,0x00000000e9173340,0x00000000e9a00000)
 Metaspace       used 21614K, capacity 21854K, committed 22016K, reserved 1069056K
  class space    used 2393K, capacity 2466K, committed 2560K, reserved 1048576K

