# JRE version: Java(TM) SE Runtime Environment (8.0_201-b09) (build 1.8.0_201-b09)
# Java VM: Java HotSpot(TM) 64-Bit Server VM (25.201-b09 mixed mode linux-amd64 compressed oops)
Heap:
 def new generation   total 22720K, used 0K [0x00000000e1200000, 0x00000000e2aa0000, 0x00000000eb6a0000)
  eden space 20224K,   0% used [0x00000000e1200000, 0x00000000e1200000, 0x00000000e25c0000)
  from space 2496K,   0% used [0x00000000e2830000, 0x00000000e2830000, 0x00000000e2aa0000)
  to   space 2496K,   0% used [0x00000000e25c0000, 0x00000000e25c0000, 0x00000000e2830000)
 tenured generation   total 52032K, used 51567K [0x00000000eb6a0000, 0x00000000ee970000, 0x0000000100000000)
   the space 52032K,  99% used [0x00000000eb6a0000, 0x00000000ee8fbcb0, 0x00000000ee8fbe00, 0x00000000ee970000)
 Metaspace       used 30773K, capacity 31446K, committed 31616K, reserved 1077248K
  class space    used 3478K, capacity 3673K, committed 3712K, reserved 1048576K
GC Heap History (10 events):
Event: 1888.966 GC heap after
Heap after GC invocations=58 (full 2):
 def new generation   total 22720K, used 909K [0x00000000e1200000, 0x00000000e2aa0000, 0x00000000eb6a0000)
  eden space 20224K,   0% used [0x00000000e1200000, 0x00000000e1200000, 0x00000000e25c0000)
  from space 2496K,  36% used [0x00000000e25c0000, 0x00000000e26a3438, 0x00000000e2830000)
  to   space 2496K,   0% used [0x00000000e2830000, 0x00000000e2830000, 0x00000000e2aa0000)
 tenured generation   total 50304K, used 41605K [0x00000000eb6a0000, 0x00000000ee7c0000, 0x0000000100000000)
   the space 50304K,  82% used [0x00000000eb6a0000, 0x00000000edf41640, 0x00000000edf41800, 0x00000000ee7c0000)
 Metaspace       used 26873K, capacity 27518K, committed 27904K, reserved 1073152K
  class space    used 3001K, capacity 3214K, committed 3328K, reserved 1048576K
}
Event: 2098.502 GC heap before
{Heap before GC invocations=58 (full 2):
 def new generation   total 22720K, used 21133K [0x00000000e1200000, 0x00000000e2aa0000, 0x00000000eb6a0000)
  eden space 20224K, 100% used [0x00000000e1200000, 0x00000000e25c0000, 0x00000000e25c0000)
  from space 2496K,  36% used [0x00000000e25c0000, 0x00000000e26a3438, 0x00000000e2830000)
  to   space 2496K,   0% used [0x00000000e2830000, 0x00000000e2830000, 0x00000000e2aa0000)
 tenured generation   total 50304K, used 41605K [0x00000000eb6a0000, 0x00000000ee7c0000, 0x0000000100000000)
   the space 50304K,  82% used [0x00000000eb6a0000, 0x00000000edf41640, 0x00000000edf41800, 0x00000000ee7c0000)
 Metaspace       used 26910K, capacity 27518K, committed 27904K, reserved 1073152K
  class space    used 3005K, capacity 3214K, committed 3328K, reserved 1048576K
Event: 2098.626 GC heap after
Heap after GC invocations=59 (full 2):
 def new generation   total 22720K, used 1589K [0x00000000e1200000, 0x00000000e2aa0000, 0x00000000eb6a0000)
  eden space 20224K,   0% used [0x00000000e1200000, 0x00000000e1200000, 0x00000000e25c0000)
  from space 2496K,  63% used [0x00000000e2830000, 0x00000000e29bd780, 0x00000000e2aa0000)
  to   space 2496K,   0% used [0x00000000e25c0000, 0x00000000e25c0000, 0x00000000e2830000)
 tenured generation   total 50304K, used 41605K [0x00000000eb6a0000, 0x00000000ee7c0000, 0x0000000100000000)
   the space 50304K,  82% used [0x00000000eb6a0000, 0x00000000edf41640, 0x00000000edf41800, 0x00000000ee7c0000)
 Metaspace       used 26910K, capacity 27518K, committed 27904K, reserved 1073152K
  class space    used 3005K, capacity 3214K, committed 3328K, reserved 1048576K
}
Event: 2099.513 GC heap before
{Heap before GC invocations=59 (full 2):
 def new generation   total 22720K, used 21813K [0x00000000e1200000, 0x00000000e2aa0000, 0x00000000eb6a0000)
  eden space 20224K, 100% used [0x00000000e1200000, 0x00000000e25c0000, 0x00000000e25c0000)
  from space 2496K,  63% used [0x00000000e2830000, 0x00000000e29bd780, 0x00000000e2aa0000)
  to   space 2496K,   0% used [0x00000000e25c0000, 0x00000000e25c0000, 0x00000000e2830000)
 tenured generation   total 50304K, used 41605K [0x00000000eb6a0000, 0x00000000ee7c0000, 0x0000000100000000)
   the space 50304K,  82% used [0x00000000eb6a0000, 0x00000000edf41640, 0x00000000edf41800, 0x00000000ee7c0000)
 Metaspace       used 26929K, capacity 27582K, committed 27904K, reserved 1073152K
  class space    used 3006K, capacity 3214K, committed 3328K, reserved 1048576K
Event: 2099.569 GC heap after
Heap after GC invocations=60 (full 2):
 def new generation   total 22720K, used 1276K [0x00000000e1200000, 0x00000000e2aa0000, 0x00000000eb6a0000)
  eden space 20224K,   0% used [0x00000000e1200000, 0x00000000e1200000, 0x00000000e25c0000)
  from space 2496K,  51% used [0x00000000e25c0000, 0x00000000e26ff230, 0x00000000e2830000)
  to   space 2496K,   0% used [0x00000000e2830000, 0x00000000e2830000, 0x00000000e2aa0000)
 tenured generation   total 50304K, used 42423K [0x00000000eb6a0000, 0x00000000ee7c0000, 0x0000000100000000)
   the space 50304K,  84% used [0x00000000eb6a0000, 0x00000000ee00de80, 0x00000000ee00e000, 0x00000000ee7c0000)
 Metaspace       used 26929K, capacity 27582K, committed 27904K, reserved 1073152K
  class space    used 3006K, capacity 3214K, committed 3328K, reserved 1048576K
}
Event: 2103.237 GC heap before
{Heap before GC invocations=60 (full 2):
 def new generation   total 22720K, used 21488K [0x00000000e1200000, 0x00000000e2aa0000, 0x00000000eb6a0000)
  eden space 20224K,  99% used [0x00000000e1200000, 0x00000000e25bd0a8, 0x00000000e25c0000)
  from space 2496K,  51% used [0x00000000e25c0000, 0x00000000e26ff230, 0x00000000e2830000)
  to   space 2496K,   0% used [0x00000000e2830000, 0x00000000e2830000, 0x00000000e2aa0000)
 tenured generation   total 50304K, used 42423K [0x00000000eb6a0000, 0x00000000ee7c0000, 0x0000000100000000)
   the space 50304K,  84% used [0x00000000eb6a0000, 0x00000000ee00de80, 0x00000000ee00e000, 0x00000000ee7c0000)
 Metaspace       used 28320K, capacity 29008K, committed 29312K, reserved 1075200K
  class space    used 3176K, capacity 3416K, committed 3456K, reserved 1048576K
Event: 2103.362 GC heap after
Heap after GC invocations=61 (full 2):
 def new generation   total 22720K, used 2495K [0x00000000e1200000, 0x00000000e2aa0000, 0x00000000eb6a0000)
  eden space 20224K,   0% used [0x00000000e1200000, 0x00000000e1200000, 0x00000000e25c0000)
  from space 2496K,  99% used [0x00000000e2830000, 0x00000000e2a9fff8, 0x00000000e2aa0000)
  to   space 2496K,   0% used [0x00000000e25c0000, 0x00000000e25c0000, 0x00000000e2830000)
 tenured generation   total 50304K, used 45306K [0x00000000eb6a0000, 0x00000000ee7c0000, 0x0000000100000000)
   the space 50304K,  90% used [0x00000000eb6a0000, 0x00000000ee2dea48, 0x00000000ee2dec00, 0x00000000ee7c0000)
 Metaspace       used 28320K, capacity 29008K, committed 29312K, reserved 1075200K
  class space    used 3176K, capacity 3416K, committed 3456K, reserved 1048576K
}
Event: 2116.857 GC heap before
{Heap before GC invocations=61 (full 2):
 def new generation   total 22720K, used 22719K [0x00000000e1200000, 0x00000000e2aa0000, 0x00000000eb6a0000)
  eden space 20224K, 100% used [0x00000000e1200000, 0x00000000e25c0000, 0x00000000e25c0000)
  from space 2496K,  99% used [0x00000000e2830000, 0x00000000e2a9fff8, 0x00000000e2aa0000)
  to   space 2496K,   0% used [0x00000000e25c0000, 0x00000000e25c0000, 0x00000000e2830000)
 tenured generation   total 50304K, used 45306K [0x00000000eb6a0000, 0x00000000ee7c0000, 0x0000000100000000)
   the space 50304K,  90% used [0x00000000eb6a0000, 0x00000000ee2dea48, 0x00000000ee2dec00, 0x00000000ee7c0000)
 Metaspace       used 30548K, capacity 31158K, committed 31360K, reserved 1077248K
  class space    used 3450K, capacity 3641K, committed 3712K, reserved 1048576K
Event: 2117.070 GC heap after
Heap after GC invocations=62 (full 2):
 def new generation   total 22720K, used 2496K [0x00000000e1200000, 0x00000000e2aa0000, 0x00000000eb6a0000)
  eden space 20224K,   0% used [0x00000000e1200000, 0x00000000e1200000, 0x00000000e25c0000)
  from space 2496K, 100% used [0x00000000e25c0000, 0x00000000e2830000, 0x00000000e2830000)
  to   space 2496K,   0% used [0x00000000e2830000, 0x00000000e2830000, 0x00000000e2aa0000)
 tenured generation   total 50304K, used 49512K [0x00000000eb6a0000, 0x00000000ee7c0000, 0x0000000100000000)
   the space 50304K,  98% used [0x00000000eb6a0000, 0x00000000ee6fa2c8, 0x00000000ee6fa400, 0x00000000ee7c0000)
 Metaspace       used 30548K, capacity 31158K, committed 31360K, reserved 1077248K
  class space    used 3450K, capacity 3641K, committed 3712K, reserved 1048576K
}
Event: 2119.182 GC heap before
{Heap before GC invocations=62 (full 2):
 def new generation   total 22720K, used 22720K [0x00000000e1200000, 0x00000000e2aa0000, 0x00000000eb6a0000)
  eden space 20224K, 100% used [0x00000000e1200000, 0x00000000e25c0000, 0x00000000e25c0000)
  from space 2496K, 100% used [0x00000000e25c0000, 0x00000000e2830000, 0x00000000e2830000)
  to   space 2496K,   0% used [0x00000000e2830000, 0x00000000e2830000, 0x00000000e2aa0000)
 tenured generation   total 50304K, used 49512K [0x00000000eb6a0000, 0x00000000ee7c0000, 0x0000000100000000)
   the space 50304K,  98% used [0x00000000eb6a0000, 0x00000000ee6fa2c8, 0x00000000ee6fa400, 0x00000000ee7c0000)
 Metaspace       used 30773K, capacity 31446K, committed 31616K, reserved 1077248K
  class space    used 3478K, capacity 3673K, committed 3712K, reserved 1048576K

