# JRE version: Java(TM) SE Runtime Environment (8.0_171-b11) (build 1.8.0_171-b11)
# Java VM: Java HotSpot(TM) 64-Bit Server VM (25.171-b11 mixed mode linux-amd64 compressed oops)
Heap:
 def new generation   total 66048K, used 10744K [0x00000000e0000000, 0x00000000e47a0000, 0x00000000eaaa0000)
  eden space 58752K,  11% used [0x00000000e0000000, 0x00000000e06dd530, 0x00000000e3960000)
  from space 7296K,  50% used [0x00000000e3960000, 0x00000000e3d00d78, 0x00000000e4080000)
  to   space 7296K,   0% used [0x00000000e4080000, 0x00000000e4080000, 0x00000000e47a0000)
 tenured generation   total 146624K, used 125838K [0x00000000eaaa0000, 0x00000000f39d0000, 0x0000000100000000)
   the space 146624K,  85% used [0x00000000eaaa0000, 0x00000000f2583a90, 0x00000000f2583c00, 0x00000000f39d0000)
 Metaspace       used 21169K, capacity 21302K, committed 21632K, reserved 1069056K
  class space    used 2383K, capacity 2430K, committed 2432K, reserved 1048576K
GC Heap History (10 events):
Event: 30.182 GC heap before
{Heap before GC invocations=120 (full 7):
 def new generation   total 66048K, used 62292K [0x00000000e0000000, 0x00000000e47a0000, 0x00000000eaaa0000)
  eden space 58752K, 100% used [0x00000000e0000000, 0x00000000e3960000, 0x00000000e3960000)
  from space 7296K,  48% used [0x00000000e4080000, 0x00000000e43f5388, 0x00000000e47a0000)
  to   space 7296K,   0% used [0x00000000e3960000, 0x00000000e3960000, 0x00000000e4080000)
 tenured generation   total 146624K, used 117821K [0x00000000eaaa0000, 0x00000000f39d0000, 0x0000000100000000)
   the space 146624K,  80% used [0x00000000eaaa0000, 0x00000000f1daf478, 0x00000000f1daf600, 0x00000000f39d0000)
 Metaspace       used 21103K, capacity 21238K, committed 21376K, reserved 1069056K
  class space    used 2380K, capacity 2430K, committed 2432K, reserved 1048576K
Event: 30.221 GC heap after
Heap after GC invocations=121 (full 7):
 def new generation   total 66048K, used 7296K [0x00000000e0000000, 0x00000000e47a0000, 0x00000000eaaa0000)
  eden space 58752K,   0% used [0x00000000e0000000, 0x00000000e0000000, 0x00000000e3960000)
  from space 7296K, 100% used [0x00000000e3960000, 0x00000000e4080000, 0x00000000e4080000)
  to   space 7296K,   0% used [0x00000000e4080000, 0x00000000e4080000, 0x00000000e47a0000)
 tenured generation   total 146624K, used 118492K [0x00000000eaaa0000, 0x00000000f39d0000, 0x0000000100000000)
   the space 146624K,  80% used [0x00000000eaaa0000, 0x00000000f1e57088, 0x00000000f1e57200, 0x00000000f39d0000)
 Metaspace       used 21103K, capacity 21238K, committed 21376K, reserved 1069056K
  class space    used 2380K, capacity 2430K, committed 2432K, reserved 1048576K
}
Event: 30.827 GC heap before
{Heap before GC invocations=121 (full 7):
 def new generation   total 66048K, used 66048K [0x00000000e0000000, 0x00000000e47a0000, 0x00000000eaaa0000)
  eden space 58752K, 100% used [0x00000000e0000000, 0x00000000e3960000, 0x00000000e3960000)
  from space 7296K, 100% used [0x00000000e3960000, 0x00000000e4080000, 0x00000000e4080000)
  to   space 7296K,   0% used [0x00000000e4080000, 0x00000000e4080000, 0x00000000e47a0000)
 tenured generation   total 146624K, used 118492K [0x00000000eaaa0000, 0x00000000f39d0000, 0x0000000100000000)
   the space 146624K,  80% used [0x00000000eaaa0000, 0x00000000f1e57088, 0x00000000f1e57200, 0x00000000f39d0000)
 Metaspace       used 21127K, capacity 21302K, committed 21632K, reserved 1069056K
  class space    used 2381K, capacity 2430K, committed 2432K, reserved 1048576K
Event: 30.984 GC heap after
Heap after GC invocations=122 (full 7):
 def new generation   total 66048K, used 2951K [0x00000000e0000000, 0x00000000e47a0000, 0x00000000eaaa0000)
  eden space 58752K,   0% used [0x00000000e0000000, 0x00000000e0000000, 0x00000000e3960000)
  from space 7296K,  40% used [0x00000000e4080000, 0x00000000e4361fc0, 0x00000000e47a0000)
  to   space 7296K,   0% used [0x00000000e3960000, 0x00000000e3960000, 0x00000000e4080000)
 tenured generation   total 146624K, used 123788K [0x00000000eaaa0000, 0x00000000f39d0000, 0x0000000100000000)
   the space 146624K,  84% used [0x00000000eaaa0000, 0x00000000f23832a0, 0x00000000f2383400, 0x00000000f39d0000)
 Metaspace       used 21127K, capacity 21302K, committed 21632K, reserved 1069056K
  class space    used 2381K, capacity 2430K, committed 2432K, reserved 1048576K
}
Event: 33.652 GC heap before
{Heap before GC invocations=122 (full 7):
 def new generation   total 66048K, used 61703K [0x00000000e0000000, 0x00000000e47a0000, 0x00000000eaaa0000)
  eden space 58752K, 100% used [0x00000000e0000000, 0x00000000e3960000, 0x00000000e3960000)
  from space 7296K,  40% used [0x00000000e4080000, 0x00000000e4361fc0, 0x00000000e47a0000)
  to   space 7296K,   0% used [0x00000000e3960000, 0x00000000e3960000, 0x00000000e4080000)
 tenured generation   total 146624K, used 123788K [0x00000000eaaa0000, 0x00000000f39d0000, 0x0000000100000000)
   the space 146624K,  84% used [0x00000000eaaa0000, 0x00000000f23832a0, 0x00000000f2383400, 0x00000000f39d0000)
 Metaspace       used 21129K, capacity 21302K, committed 21632K, reserved 1069056K
  class space    used 2381K, capacity 2430K, committed 2432K, reserved 1048576K
Event: 33.786 GC heap after
Heap after GC invocations=123 (full 7):
 def new generation   total 66048K, used 6033K [0x00000000e0000000, 0x00000000e47a0000, 0x00000000eaaa0000)
  eden space 58752K,   0% used [0x00000000e0000000, 0x00000000e0000000, 0x00000000e3960000)
  from space 7296K,  82% used [0x00000000e3960000, 0x00000000e3f44588, 0x00000000e4080000)
  to   space 7296K,   0% used [0x00000000e4080000, 0x00000000e4080000, 0x00000000e47a0000)
 tenured generation   total 146624K, used 123788K [0x00000000eaaa0000, 0x00000000f39d0000, 0x0000000100000000)
   the space 146624K,  84% used [0x00000000eaaa0000, 0x00000000f23832a0, 0x00000000f2383400, 0x00000000f39d0000)
 Metaspace       used 21129K, capacity 21302K, committed 21632K, reserved 1069056K
  class space    used 2381K, capacity 2430K, committed 2432K, reserved 1048576K
}
Event: 37.596 GC heap before
{Heap before GC invocations=123 (full 7):
 def new generation   total 66048K, used 64785K [0x00000000e0000000, 0x00000000e47a0000, 0x00000000eaaa0000)
  eden space 58752K, 100% used [0x00000000e0000000, 0x00000000e3960000, 0x00000000e3960000)
  from space 7296K,  82% used [0x00000000e3960000, 0x00000000e3f44588, 0x00000000e4080000)
  to   space 7296K,   0% used [0x00000000e4080000, 0x00000000e4080000, 0x00000000e47a0000)
 tenured generation   total 146624K, used 123788K [0x00000000eaaa0000, 0x00000000f39d0000, 0x0000000100000000)
   the space 146624K,  84% used [0x00000000eaaa0000, 0x00000000f23832a0, 0x00000000f2383400, 0x00000000f39d0000)
 Metaspace       used 21143K, capacity 21302K, committed 21632K, reserved 1069056K
  class space    used 2383K, capacity 2430K, committed 2432K, reserved 1048576K
Event: 37.675 GC heap after
Heap after GC invocations=124 (full 7):
 def new generation   total 66048K, used 3317K [0x00000000e0000000, 0x00000000e47a0000, 0x00000000eaaa0000)
  eden space 58752K,   0% used [0x00000000e0000000, 0x00000000e0000000, 0x00000000e3960000)
  from space 7296K,  45% used [0x00000000e4080000, 0x00000000e43bd488, 0x00000000e47a0000)
  to   space 7296K,   0% used [0x00000000e3960000, 0x00000000e3960000, 0x00000000e4080000)
 tenured generation   total 146624K, used 125838K [0x00000000eaaa0000, 0x00000000f39d0000, 0x0000000100000000)
   the space 146624K,  85% used [0x00000000eaaa0000, 0x00000000f2583a90, 0x00000000f2583c00, 0x00000000f39d0000)
 Metaspace       used 21143K, capacity 21302K, committed 21632K, reserved 1069056K
  class space    used 2383K, capacity 2430K, committed 2432K, reserved 1048576K
}
Event: 39.141 GC heap before
{Heap before GC invocations=124 (full 7):
 def new generation   total 66048K, used 62069K [0x00000000e0000000, 0x00000000e47a0000, 0x00000000eaaa0000)
  eden space 58752K, 100% used [0x00000000e0000000, 0x00000000e3960000, 0x00000000e3960000)
  from space 7296K,  45% used [0x00000000e4080000, 0x00000000e43bd488, 0x00000000e47a0000)
  to   space 7296K,   0% used [0x00000000e3960000, 0x00000000e3960000, 0x00000000e4080000)
 tenured generation   total 146624K, used 125838K [0x00000000eaaa0000, 0x00000000f39d0000, 0x0000000100000000)
   the space 146624K,  85% used [0x00000000eaaa0000, 0x00000000f2583a90, 0x00000000f2583c00, 0x00000000f39d0000)
 Metaspace       used 21160K, capacity 21302K, committed 21632K, reserved 1069056K
  class space    used 2383K, capacity 2430K, committed 2432K, reserved 1048576K
Event: 39.166 GC heap after
Heap after GC invocations=125 (full 7):
 def new generation   total 66048K, used 3715K [0x00000000e0000000, 0x00000000e47a0000, 0x00000000eaaa0000)
  eden space 58752K,   0% used [0x00000000e0000000, 0x00000000e0000000, 0x00000000e3960000)
  from space 7296K,  50% used [0x00000000e3960000, 0x00000000e3d00d78, 0x00000000e4080000)
  to   space 7296K,   0% used [0x00000000e4080000, 0x00000000e4080000, 0x00000000e47a0000)
 tenured generation   total 146624K, used 125838K [0x00000000eaaa0000, 0x00000000f39d0000, 0x0000000100000000)
   the space 146624K,  85% used [0x00000000eaaa0000, 0x00000000f2583a90, 0x00000000f2583c00, 0x00000000f39d0000)
 Metaspace       used 21160K, capacity 21302K, committed 21632K, reserved 1069056K
  class space    used 2383K, capacity 2430K, committed 2432K, reserved 1048576K
}

