# JRE version: OpenJDK Runtime Environment (8.0_252-b09) (build 1.8.0_252-8u252-b09-1ubuntu1-b09)
# Java VM: OpenJDK 64-Bit Server VM (25.252-b09 mixed mode linux-amd64 compressed oops)
Heap:
 PSYoungGen      total 122880K, used 100352K [0x0000000715580000, 0x000000071e800000, 0x00000007c0000000)
  eden space 99840K, 100% used [0x0000000715580000,0x000000071b700000,0x000000071b700000)
  from space 23040K, 2% used [0x000000071d080000,0x000000071d100000,0x000000071e700000)
  to   space 25088K, 0% used [0x000000071b700000,0x000000071b700000,0x000000071cf80000)
 ParOldGen       total 171008K, used 45352K [0x00000005c0000000, 0x00000005ca700000, 0x0000000715580000)
  object space 171008K, 26% used [0x00000005c0000000,0x00000005c2c4a1c8,0x00000005ca700000)
 Metaspace       used 77799K, capacity 80271K, committed 80512K, reserved 1120256K
  class space    used 8311K, capacity 8832K, committed 8832K, reserved 1048576K
GC Heap History (10 events):
Event: 43,462 GC heap before
{Heap before GC invocations=6 (full 0):
 PSYoungGen      total 125952K, used 125845K [0x0000000715580000, 0x000000071ef80000, 0x00000007c0000000)
  eden space 115712K, 100% used [0x0000000715580000,0x000000071c680000,0x000000071c680000)
  from space 10240K, 98% used [0x000000071ca00000,0x000000071d3e57e8,0x000000071d400000)
  to   space 20992K, 0% used [0x000000071db00000,0x000000071db00000,0x000000071ef80000)
 ParOldGen       total 171008K, used 20378K [0x00000005c0000000, 0x00000005ca700000, 0x0000000715580000)
  object space 171008K, 11% used [0x00000005c0000000,0x00000005c13e6a08,0x00000005ca700000)
 Metaspace       used 38243K, capacity 39618K, committed 39808K, reserved 1083392K
  class space    used 4823K, capacity 5132K, committed 5248K, reserved 1048576K
Event: 43,467 GC heap after
Heap after GC invocations=6 (full 0):
 PSYoungGen      total 129536K, used 10104K [0x0000000715580000, 0x000000071ec00000, 0x00000007c0000000)
  eden space 112128K, 0% used [0x0000000715580000,0x0000000715580000,0x000000071c300000)
  from space 17408K, 58% used [0x000000071db00000,0x000000071e4de280,0x000000071ec00000)
  to   space 20992K, 0% used [0x000000071c300000,0x000000071c300000,0x000000071d780000)
 ParOldGen       total 171008K, used 20386K [0x00000005c0000000, 0x00000005ca700000, 0x0000000715580000)
  object space 171008K, 11% used [0x00000005c0000000,0x00000005c13e8a08,0x00000005ca700000)
 Metaspace       used 38243K, capacity 39618K, committed 39808K, reserved 1083392K
  class space    used 4823K, capacity 5132K, committed 5248K, reserved 1048576K
}
Event: 584,165 GC heap before
{Heap before GC invocations=7 (full 0):
 PSYoungGen      total 129536K, used 122232K [0x0000000715580000, 0x000000071ec00000, 0x00000007c0000000)
  eden space 112128K, 100% used [0x0000000715580000,0x000000071c300000,0x000000071c300000)
  from space 17408K, 58% used [0x000000071db00000,0x000000071e4de280,0x000000071ec00000)
  to   space 20992K, 0% used [0x000000071c300000,0x000000071c300000,0x000000071d780000)
 ParOldGen       total 171008K, used 20386K [0x00000005c0000000, 0x00000005ca700000, 0x0000000715580000)
  object space 171008K, 11% used [0x00000005c0000000,0x00000005c13e8a08,0x00000005ca700000)
 Metaspace       used 68689K, capacity 70347K, committed 70656K, reserved 1112064K
  class space    used 7255K, capacity 7585K, committed 7680K, reserved 1048576K
Event: 584,187 GC heap after
Heap after GC invocations=7 (full 0):
 PSYoungGen      total 128000K, used 18591K [0x0000000715580000, 0x000000071ec00000, 0x00000007c0000000)
  eden space 109056K, 0% used [0x0000000715580000,0x0000000715580000,0x000000071c000000)
  from space 18944K, 98% used [0x000000071c300000,0x000000071d527de0,0x000000071d580000)
  to   space 22528K, 0% used [0x000000071d600000,0x000000071d600000,0x000000071ec00000)
 ParOldGen       total 171008K, used 25719K [0x00000005c0000000, 0x00000005ca700000, 0x0000000715580000)
  object space 171008K, 15% used [0x00000005c0000000,0x00000005c191df60,0x00000005ca700000)
 Metaspace       used 68689K, capacity 70347K, committed 70656K, reserved 1112064K
  class space    used 7255K, capacity 7585K, committed 7680K, reserved 1048576K
}
Event: 2128,033 GC heap before
{Heap before GC invocations=8 (full 0):
 PSYoungGen      total 128000K, used 127647K [0x0000000715580000, 0x000000071ec00000, 0x00000007c0000000)
  eden space 109056K, 100% used [0x0000000715580000,0x000000071c000000,0x000000071c000000)
  from space 18944K, 98% used [0x000000071c300000,0x000000071d527de0,0x000000071d580000)
  to   space 22528K, 0% used [0x000000071d600000,0x000000071d600000,0x000000071ec00000)
 ParOldGen       total 171008K, used 25719K [0x00000005c0000000, 0x00000005ca700000, 0x0000000715580000)
  object space 171008K, 15% used [0x00000005c0000000,0x00000005c191df60,0x00000005ca700000)
 Metaspace       used 76740K, capacity 78791K, committed 79104K, reserved 1120256K
  class space    used 8190K, capacity 8586K, committed 8704K, reserved 1048576K
Event: 2128,049 GC heap after
Heap after GC invocations=8 (full 0):
 PSYoungGen      total 127488K, used 19659K [0x0000000715580000, 0x000000071eb00000, 0x00000007c0000000)
  eden space 105984K, 0% used [0x0000000715580000,0x0000000715580000,0x000000071bd00000)
  from space 21504K, 91% used [0x000000071d600000,0x000000071e932e60,0x000000071eb00000)
  to   space 23552K, 0% used [0x000000071bd00000,0x000000071bd00000,0x000000071d400000)
 ParOldGen       total 171008K, used 29563K [0x00000005c0000000, 0x00000005ca700000, 0x0000000715580000)
  object space 171008K, 17% used [0x00000005c0000000,0x00000005c1cdefc0,0x00000005ca700000)
 Metaspace       used 76740K, capacity 78791K, committed 79104K, reserved 1120256K
  class space    used 8190K, capacity 8586K, committed 8704K, reserved 1048576K
}
Event: 4196,359 GC heap before
{Heap before GC invocations=9 (full 0):
 PSYoungGen      total 127488K, used 125643K [0x0000000715580000, 0x000000071eb00000, 0x00000007c0000000)
  eden space 105984K, 100% used [0x0000000715580000,0x000000071bd00000,0x000000071bd00000)
  from space 21504K, 91% used [0x000000071d600000,0x000000071e932e60,0x000000071eb00000)
  to   space 23552K, 0% used [0x000000071bd00000,0x000000071bd00000,0x000000071d400000)
 ParOldGen       total 171008K, used 29563K [0x00000005c0000000, 0x00000005ca700000, 0x0000000715580000)
  object space 171008K, 17% used [0x00000005c0000000,0x00000005c1cdefc0,0x00000005ca700000)
 Metaspace       used 76867K, capacity 79027K, committed 79360K, reserved 1120256K
  class space    used 8203K, capacity 8620K, committed 8704K, reserved 1048576K
Event: 4196,377 GC heap after
Heap after GC invocations=9 (full 0):
 PSYoungGen      total 119296K, used 15890K [0x0000000715580000, 0x000000071e700000, 0x00000007c0000000)
  eden space 102912K, 0% used [0x0000000715580000,0x0000000715580000,0x000000071ba00000)
  from space 16384K, 96% used [0x000000071bd00000,0x000000071cc84870,0x000000071cd00000)
  to   space 23040K, 0% used [0x000000071d080000,0x000000071d080000,0x000000071e700000)
 ParOldGen       total 171008K, used 29627K [0x00000005c0000000, 0x00000005ca700000, 0x0000000715580000)
  object space 171008K, 17% used [0x00000005c0000000,0x00000005c1ceefc0,0x00000005ca700000)
 Metaspace       used 76867K, capacity 79027K, committed 79360K, reserved 1120256K
  class space    used 8203K, capacity 8620K, committed 8704K, reserved 1048576K
}
Event: 6308,628 GC heap before
{Heap before GC invocations=10 (full 0):
 PSYoungGen      total 119296K, used 118802K [0x0000000715580000, 0x000000071e700000, 0x00000007c0000000)
  eden space 102912K, 100% used [0x0000000715580000,0x000000071ba00000,0x000000071ba00000)
  from space 16384K, 96% used [0x000000071bd00000,0x000000071cc84870,0x000000071cd00000)
  to   space 23040K, 0% used [0x000000071d080000,0x000000071d080000,0x000000071e700000)
 ParOldGen       total 171008K, used 29627K [0x00000005c0000000, 0x00000005ca700000, 0x0000000715580000)
  object space 171008K, 17% used [0x00000005c0000000,0x00000005c1ceefc0,0x00000005ca700000)
 Metaspace       used 76926K, capacity 79095K, committed 79360K, reserved 1120256K
  class space    used 8203K, capacity 8620K, committed 8704K, reserved 1048576K
Event: 6308,663 GC heap after
Heap after GC invocations=10 (full 0):
 PSYoungGen      total 122880K, used 512K [0x0000000715580000, 0x000000071e800000, 0x00000007c0000000)
  eden space 99840K, 0% used [0x0000000715580000,0x0000000715580000,0x000000071b700000)
  from space 23040K, 2% used [0x000000071d080000,0x000000071d100000,0x000000071e700000)
  to   space 25088K, 0% used [0x000000071b700000,0x000000071b700000,0x000000071cf80000)
 ParOldGen       total 171008K, used 45352K [0x00000005c0000000, 0x00000005ca700000, 0x0000000715580000)
  object space 171008K, 26% used [0x00000005c0000000,0x00000005c2c4a1c8,0x00000005ca700000)
 Metaspace       used 76926K, capacity 79095K, committed 79360K, reserved 1120256K
  class space    used 8203K, capacity 8620K, committed 8704K, reserved 1048576K
}

