# JRE version: Java(TM) SE Runtime Environment (8.0_171-b11) (build 1.8.0_171-b11)
# Java VM: Java HotSpot(TM) 64-Bit Server VM (25.171-b11 mixed mode linux-amd64 compressed oops)
Heap:
 PSYoungGen      total 135680K, used 0K [0x00000000f5b80000, 0x0000000100000000, 0x0000000100000000)
  eden space 102912K, 0% used [0x00000000f5b80000,0x00000000f5b80000,0x00000000fc000000)
  from space 32768K, 0% used [0x00000000fc000000,0x00000000fc000000,0x00000000fe000000)
  to   space 32768K, 0% used [0x00000000fe000000,0x00000000fe000000,0x0000000100000000)
 ParOldGen       total 154624K, used 149631K [0x00000000e1200000, 0x00000000ea900000, 0x00000000f5b80000)
  object space 154624K, 96% used [0x00000000e1200000,0x00000000ea41fc58,0x00000000ea900000)
 Metaspace       used 7966K, capacity 8124K, committed 8320K, reserved 1056768K
  class space    used 962K, capacity 1030K, committed 1152K, reserved 1048576K
GC Heap History (10 events):
Event: 11.418 GC heap after
Heap after GC invocations=42 (full 0):
 PSYoungGen      total 164864K, used 163488K [0x00000000f5b80000, 0x0000000100000000, 0x0000000100000000)
  eden space 161280K, 100% used [0x00000000f5b80000,0x00000000ff900000,0x00000000ff900000)
  from space 3584K, 61% used [0x00000000ff900000,0x00000000ffb28020,0x00000000ffc80000)
  to   space 3584K, 99% used [0x00000000ffc80000,0x00000000ffff8010,0x0000000100000000)
 ParOldGen       total 40960K, used 40063K [0x00000000e1200000, 0x00000000e3a00000, 0x00000000f5b80000)
  object space 40960K, 97% used [0x00000000e1200000,0x00000000e391fce8,0x00000000e3a00000)
 Metaspace       used 7965K, capacity 8124K, committed 8320K, reserved 1056768K
  class space    used 962K, capacity 1030K, committed 1152K, reserved 1048576K
}
Event: 11.418 GC heap before
{Heap before GC invocations=43 (full 1):
 PSYoungGen      total 164864K, used 163488K [0x00000000f5b80000, 0x0000000100000000, 0x0000000100000000)
  eden space 161280K, 100% used [0x00000000f5b80000,0x00000000ff900000,0x00000000ff900000)
  from space 3584K, 61% used [0x00000000ff900000,0x00000000ffb28020,0x00000000ffc80000)
  to   space 3584K, 99% used [0x00000000ffc80000,0x00000000ffff8010,0x0000000100000000)
 ParOldGen       total 40960K, used 40063K [0x00000000e1200000, 0x00000000e3a00000, 0x00000000f5b80000)
  object space 40960K, 97% used [0x00000000e1200000,0x00000000e391fce8,0x00000000e3a00000)
 Metaspace       used 7965K, capacity 8124K, committed 8320K, reserved 1056768K
  class space    used 962K, capacity 1030K, committed 1152K, reserved 1048576K
Event: 11.627 GC heap after
Heap after GC invocations=43 (full 1):
 PSYoungGen      total 164864K, used 0K [0x00000000f5b80000, 0x0000000100000000, 0x0000000100000000)
  eden space 161280K, 0% used [0x00000000f5b80000,0x00000000f5b80000,0x00000000ff900000)
  from space 3584K, 0% used [0x00000000ff900000,0x00000000ff900000,0x00000000ffc80000)
  to   space 3584K, 0% used [0x00000000ffc80000,0x00000000ffc80000,0x0000000100000000)
 ParOldGen       total 51712K, used 39433K [0x00000000e1200000, 0x00000000e4480000, 0x00000000f5b80000)
  object space 51712K, 76% used [0x00000000e1200000,0x00000000e3882480,0x00000000e4480000)
 Metaspace       used 7965K, capacity 8124K, committed 8320K, reserved 1056768K
  class space    used 962K, capacity 1030K, committed 1152K, reserved 1048576K
}
Event: 11.944 GC heap before
{Heap before GC invocations=44 (full 1):
 PSYoungGen      total 164864K, used 157255K [0x00000000f5b80000, 0x0000000100000000, 0x0000000100000000)
  eden space 161280K, 97% used [0x00000000f5b80000,0x00000000ff511dc0,0x00000000ff900000)
  from space 3584K, 0% used [0x00000000ff900000,0x00000000ff900000,0x00000000ffc80000)
  to   space 3584K, 0% used [0x00000000ffc80000,0x00000000ffc80000,0x0000000100000000)
 ParOldGen       total 51712K, used 39433K [0x00000000e1200000, 0x00000000e4480000, 0x00000000f5b80000)
  object space 51712K, 76% used [0x00000000e1200000,0x00000000e3882480,0x00000000e4480000)
 Metaspace       used 7966K, capacity 8124K, committed 8320K, reserved 1056768K
  class space    used 962K, capacity 1030K, committed 1152K, reserved 1048576K
Event: 12.093 GC heap after
Heap after GC invocations=44 (full 1):
 PSYoungGen      total 106496K, used 3552K [0x00000000f5b80000, 0x0000000100000000, 0x0000000100000000)
  eden space 102912K, 0% used [0x00000000f5b80000,0x00000000f5b80000,0x00000000fc000000)
  from space 3584K, 99% used [0x00000000ffc80000,0x00000000ffff8050,0x0000000100000000)
  to   space 32768K, 0% used [0x00000000fc000000,0x00000000fc000000,0x00000000fe000000)
 ParOldGen       total 118272K, used 116610K [0x00000000e1200000, 0x00000000e8580000, 0x00000000f5b80000)
  object space 118272K, 98% used [0x00000000e1200000,0x00000000e83e0800,0x00000000e8580000)
 Metaspace       used 7966K, capacity 8124K, committed 8320K, reserved 1056768K
  class space    used 962K, capacity 1030K, committed 1152K, reserved 1048576K
}
Event: 12.093 GC heap before
{Heap before GC invocations=45 (full 2):
 PSYoungGen      total 106496K, used 3552K [0x00000000f5b80000, 0x0000000100000000, 0x0000000100000000)
  eden space 102912K, 0% used [0x00000000f5b80000,0x00000000f5b80000,0x00000000fc000000)
  from space 3584K, 99% used [0x00000000ffc80000,0x00000000ffff8050,0x0000000100000000)
  to   space 32768K, 0% used [0x00000000fc000000,0x00000000fc000000,0x00000000fe000000)
 ParOldGen       total 118272K, used 116610K [0x00000000e1200000, 0x00000000e8580000, 0x00000000f5b80000)
  object space 118272K, 98% used [0x00000000e1200000,0x00000000e83e0800,0x00000000e8580000)
 Metaspace       used 7966K, capacity 8124K, committed 8320K, reserved 1056768K
  class space    used 962K, capacity 1030K, committed 1152K, reserved 1048576K
Event: 12.673 GC heap after
Heap after GC invocations=45 (full 2):
 PSYoungGen      total 106496K, used 0K [0x00000000f5b80000, 0x0000000100000000, 0x0000000100000000)
  eden space 102912K, 0% used [0x00000000f5b80000,0x00000000f5b80000,0x00000000fc000000)
  from space 3584K, 0% used [0x00000000ffc80000,0x00000000ffc80000,0x0000000100000000)
  to   space 32768K, 0% used [0x00000000fc000000,0x00000000fc000000,0x00000000fe000000)
 ParOldGen       total 154624K, used 105732K [0x00000000e1200000, 0x00000000ea900000, 0x00000000f5b80000)
  object space 154624K, 68% used [0x00000000e1200000,0x00000000e79412f8,0x00000000ea900000)
 Metaspace       used 7966K, capacity 8124K, committed 8320K, reserved 1056768K
  class space    used 962K, capacity 1030K, committed 1152K, reserved 1048576K
}
Event: 12.810 GC heap before
{Heap before GC invocations=46 (full 2):
 PSYoungGen      total 106496K, used 102912K [0x00000000f5b80000, 0x0000000100000000, 0x0000000100000000)
  eden space 102912K, 100% used [0x00000000f5b80000,0x00000000fc000000,0x00000000fc000000)
  from space 3584K, 0% used [0x00000000ffc80000,0x00000000ffc80000,0x0000000100000000)
  to   space 32768K, 0% used [0x00000000fc000000,0x00000000fc000000,0x00000000fe000000)
 ParOldGen       total 154624K, used 105732K [0x00000000e1200000, 0x00000000ea900000, 0x00000000f5b80000)
  object space 154624K, 68% used [0x00000000e1200000,0x00000000e79412f8,0x00000000ea900000)
 Metaspace       used 7966K, capacity 8124K, committed 8320K, reserved 1056768K
  class space    used 962K, capacity 1030K, committed 1152K, reserved 1048576K
Event: 12.951 GC heap after
Heap after GC invocations=46 (full 2):
 PSYoungGen      total 135680K, used 32736K [0x00000000f5b80000, 0x0000000100000000, 0x0000000100000000)
  eden space 102912K, 0% used [0x00000000f5b80000,0x00000000f5b80000,0x00000000fc000000)
  from space 32768K, 99% used [0x00000000fc000000,0x00000000fdff8010,0x00000000fe000000)
  to   space 32768K, 0% used [0x00000000fe000000,0x00000000fe000000,0x0000000100000000)
 ParOldGen       total 154624K, used 125204K [0x00000000e1200000, 0x00000000ea900000, 0x00000000f5b80000)
  object space 154624K, 80% used [0x00000000e1200000,0x00000000e8c452f8,0x00000000ea900000)
 Metaspace       used 7966K, capacity 8124K, committed 8320K, reserved 1056768K
  class space    used 962K, capacity 1030K, committed 1152K, reserved 1048576K
}
Event: 12.952 GC heap before
{Heap before GC invocations=47 (full 3):
 PSYoungGen      total 135680K, used 32736K [0x00000000f5b80000, 0x0000000100000000, 0x0000000100000000)
  eden space 102912K, 0% used [0x00000000f5b80000,0x00000000f5b80000,0x00000000fc000000)
  from space 32768K, 99% used [0x00000000fc000000,0x00000000fdff8010,0x00000000fe000000)
  to   space 32768K, 0% used [0x00000000fe000000,0x00000000fe000000,0x0000000100000000)
 ParOldGen       total 154624K, used 125204K [0x00000000e1200000, 0x00000000ea900000, 0x00000000f5b80000)
  object space 154624K, 80% used [0x00000000e1200000,0x00000000e8c452f8,0x00000000ea900000)
 Metaspace       used 7966K, capacity 8124K, committed 8320K, reserved 1056768K
  class space    used 962K, capacity 1030K, committed 1152K, reserved 1048576K

