# JRE version: Java(TM) SE Runtime Environment (8.0_181-b13) (build 1.8.0_181-b13)
# Java VM: Java HotSpot(TM) 64-Bit Server VM (25.181-b13 mixed mode linux-amd64 compressed oops)
Heap:
 def new generation   total 44032K, used 19430K [0x00000000f0c00000, 0x00000000f3bc0000, 0x00000000f5d50000)
  eden space 39168K,  47% used [0x00000000f0c00000, 0x00000000f1e25338, 0x00000000f3240000)
  from space 4864K,  17% used [0x00000000f3700000, 0x00000000f37d4500, 0x00000000f3bc0000)
  to   space 4864K,   0% used [0x00000000f3240000, 0x00000000f3240000, 0x00000000f3700000)
 tenured generation   total 97600K, used 37407K [0x00000000f5d50000, 0x00000000fbca0000, 0x0000000100000000)
   the space 97600K,  38% used [0x00000000f5d50000, 0x00000000f81d7dd8, 0x00000000f81d7e00, 0x00000000fbca0000)
 Metaspace       used 43435K, capacity 44582K, committed 44800K, reserved 1089536K
  class space    used 5233K, capacity 5513K, committed 5632K, reserved 1048576K
GC Heap History (10 events):
Event: 90.608 GC heap before
{Heap before GC invocations=270 (full 11):
 def new generation   total 44032K, used 40098K [0x00000000f0c00000, 0x00000000f3bc0000, 0x00000000f5d50000)
  eden space 39168K, 100% used [0x00000000f0c00000, 0x00000000f3240000, 0x00000000f3240000)
  from space 4864K,  19% used [0x00000000f3240000, 0x00000000f3328a80, 0x00000000f3700000)
  to   space 4864K,   0% used [0x00000000f3700000, 0x00000000f3700000, 0x00000000f3bc0000)
 tenured generation   total 97600K, used 37354K [0x00000000f5d50000, 0x00000000fbca0000, 0x0000000100000000)
   the space 97600K,  38% used [0x00000000f5d50000, 0x00000000f81ca8a0, 0x00000000f81caa00, 0x00000000fbca0000)
 Metaspace       used 43362K, capacity 44474K, committed 44672K, reserved 1089536K
  class space    used 5225K, capacity 5479K, committed 5504K, reserved 1048576K
Event: 90.628 GC heap after
Heap after GC invocations=271 (full 11):
 def new generation   total 44032K, used 912K [0x00000000f0c00000, 0x00000000f3bc0000, 0x00000000f5d50000)
  eden space 39168K,   0% used [0x00000000f0c00000, 0x00000000f0c00000, 0x00000000f3240000)
  from space 4864K,  18% used [0x00000000f3700000, 0x00000000f37e4120, 0x00000000f3bc0000)
  to   space 4864K,   0% used [0x00000000f3240000, 0x00000000f3240000, 0x00000000f3700000)
 tenured generation   total 97600K, used 37369K [0x00000000f5d50000, 0x00000000fbca0000, 0x0000000100000000)
   the space 97600K,  38% used [0x00000000f5d50000, 0x00000000f81ce5a8, 0x00000000f81ce600, 0x00000000fbca0000)
 Metaspace       used 43362K, capacity 44474K, committed 44672K, reserved 1089536K
  class space    used 5225K, capacity 5479K, committed 5504K, reserved 1048576K
}
Event: 91.002 GC heap before
{Heap before GC invocations=271 (full 11):
 def new generation   total 44032K, used 40080K [0x00000000f0c00000, 0x00000000f3bc0000, 0x00000000f5d50000)
  eden space 39168K, 100% used [0x00000000f0c00000, 0x00000000f3240000, 0x00000000f3240000)
  from space 4864K,  18% used [0x00000000f3700000, 0x00000000f37e4120, 0x00000000f3bc0000)
  to   space 4864K,   0% used [0x00000000f3240000, 0x00000000f3240000, 0x00000000f3700000)
 tenured generation   total 97600K, used 37369K [0x00000000f5d50000, 0x00000000fbca0000, 0x0000000100000000)
   the space 97600K,  38% used [0x00000000f5d50000, 0x00000000f81ce5a8, 0x00000000f81ce600, 0x00000000fbca0000)
 Metaspace       used 43362K, capacity 44474K, committed 44672K, reserved 1089536K
  class space    used 5225K, capacity 5479K, committed 5504K, reserved 1048576K
Event: 91.026 GC heap after
Heap after GC invocations=272 (full 11):
 def new generation   total 44032K, used 976K [0x00000000f0c00000, 0x00000000f3bc0000, 0x00000000f5d50000)
  eden space 39168K,   0% used [0x00000000f0c00000, 0x00000000f0c00000, 0x00000000f3240000)
  from space 4864K,  20% used [0x00000000f3240000, 0x00000000f33340f8, 0x00000000f3700000)
  to   space 4864K,   0% used [0x00000000f3700000, 0x00000000f3700000, 0x00000000f3bc0000)
 tenured generation   total 97600K, used 37376K [0x00000000f5d50000, 0x00000000fbca0000, 0x0000000100000000)
   the space 97600K,  38% used [0x00000000f5d50000, 0x00000000f81d00d8, 0x00000000f81d0200, 0x00000000fbca0000)
 Metaspace       used 43362K, capacity 44474K, committed 44672K, reserved 1089536K
  class space    used 5225K, capacity 5479K, committed 5504K, reserved 1048576K
}
Event: 91.458 GC heap before
{Heap before GC invocations=272 (full 11):
 def new generation   total 44032K, used 40144K [0x00000000f0c00000, 0x00000000f3bc0000, 0x00000000f5d50000)
  eden space 39168K, 100% used [0x00000000f0c00000, 0x00000000f3240000, 0x00000000f3240000)
  from space 4864K,  20% used [0x00000000f3240000, 0x00000000f33340f8, 0x00000000f3700000)
  to   space 4864K,   0% used [0x00000000f3700000, 0x00000000f3700000, 0x00000000f3bc0000)
 tenured generation   total 97600K, used 37376K [0x00000000f5d50000, 0x00000000fbca0000, 0x0000000100000000)
   the space 97600K,  38% used [0x00000000f5d50000, 0x00000000f81d00d8, 0x00000000f81d0200, 0x00000000fbca0000)
 Metaspace       used 43371K, capacity 44486K, committed 44672K, reserved 1089536K
  class space    used 5226K, capacity 5481K, committed 5504K, reserved 1048576K
Event: 91.491 GC heap after
Heap after GC invocations=273 (full 11):
 def new generation   total 44032K, used 938K [0x00000000f0c00000, 0x00000000f3bc0000, 0x00000000f5d50000)
  eden space 39168K,   0% used [0x00000000f0c00000, 0x00000000f0c00000, 0x00000000f3240000)
  from space 4864K,  19% used [0x00000000f3700000, 0x00000000f37ea878, 0x00000000f3bc0000)
  to   space 4864K,   0% used [0x00000000f3240000, 0x00000000f3240000, 0x00000000f3700000)
 tenured generation   total 97600K, used 37392K [0x00000000f5d50000, 0x00000000fbca0000, 0x0000000100000000)
   the space 97600K,  38% used [0x00000000f5d50000, 0x00000000f81d4390, 0x00000000f81d4400, 0x00000000fbca0000)
 Metaspace       used 43371K, capacity 44486K, committed 44672K, reserved 1089536K
  class space    used 5226K, capacity 5481K, committed 5504K, reserved 1048576K
}
Event: 92.305 GC heap before
{Heap before GC invocations=273 (full 11):
 def new generation   total 44032K, used 40106K [0x00000000f0c00000, 0x00000000f3bc0000, 0x00000000f5d50000)
  eden space 39168K, 100% used [0x00000000f0c00000, 0x00000000f3240000, 0x00000000f3240000)
  from space 4864K,  19% used [0x00000000f3700000, 0x00000000f37ea878, 0x00000000f3bc0000)
  to   space 4864K,   0% used [0x00000000f3240000, 0x00000000f3240000, 0x00000000f3700000)
 tenured generation   total 97600K, used 37392K [0x00000000f5d50000, 0x00000000fbca0000, 0x0000000100000000)
   the space 97600K,  38% used [0x00000000f5d50000, 0x00000000f81d4390, 0x00000000f81d4400, 0x00000000fbca0000)
 Metaspace       used 43371K, capacity 44486K, committed 44672K, reserved 1089536K
  class space    used 5226K, capacity 5481K, committed 5504K, reserved 1048576K
Event: 92.325 GC heap after
Heap after GC invocations=274 (full 11):
 def new generation   total 44032K, used 866K [0x00000000f0c00000, 0x00000000f3bc0000, 0x00000000f5d50000)
  eden space 39168K,   0% used [0x00000000f0c00000, 0x00000000f0c00000, 0x00000000f3240000)
  from space 4864K,  17% used [0x00000000f3240000, 0x00000000f3318b70, 0x00000000f3700000)
  to   space 4864K,   0% used [0x00000000f3700000, 0x00000000f3700000, 0x00000000f3bc0000)
 tenured generation   total 97600K, used 37403K [0x00000000f5d50000, 0x00000000fbca0000, 0x0000000100000000)
   the space 97600K,  38% used [0x00000000f5d50000, 0x00000000f81d6ff8, 0x00000000f81d7000, 0x00000000fbca0000)
 Metaspace       used 43371K, capacity 44486K, committed 44672K, reserved 1089536K
  class space    used 5226K, capacity 5481K, committed 5504K, reserved 1048576K
}
Event: 93.483 GC heap before
{Heap before GC invocations=274 (full 11):
 def new generation   total 44032K, used 40034K [0x00000000f0c00000, 0x00000000f3bc0000, 0x00000000f5d50000)
  eden space 39168K, 100% used [0x00000000f0c00000, 0x00000000f3240000, 0x00000000f3240000)
  from space 4864K,  17% used [0x00000000f3240000, 0x00000000f3318b70, 0x00000000f3700000)
  to   space 4864K,   0% used [0x00000000f3700000, 0x00000000f3700000, 0x00000000f3bc0000)
 tenured generation   total 97600K, used 37403K [0x00000000f5d50000, 0x00000000fbca0000, 0x0000000100000000)
   the space 97600K,  38% used [0x00000000f5d50000, 0x00000000f81d6ff8, 0x00000000f81d7000, 0x00000000fbca0000)
 Metaspace       used 43416K, capacity 44518K, committed 44800K, reserved 1089536K
  class space    used 5233K, capacity 5513K, committed 5632K, reserved 1048576K
Event: 93.506 GC heap after
Heap after GC invocations=275 (full 11):
 def new generation   total 44032K, used 849K [0x00000000f0c00000, 0x00000000f3bc0000, 0x00000000f5d50000)
  eden space 39168K,   0% used [0x00000000f0c00000, 0x00000000f0c00000, 0x00000000f3240000)
  from space 4864K,  17% used [0x00000000f3700000, 0x00000000f37d4500, 0x00000000f3bc0000)
  to   space 4864K,   0% used [0x00000000f3240000, 0x00000000f3240000, 0x00000000f3700000)
 tenured generation   total 97600K, used 37407K [0x00000000f5d50000, 0x00000000fbca0000, 0x0000000100000000)
   the space 97600K,  38% used [0x00000000f5d50000, 0x00000000f81d7dd8, 0x00000000f81d7e00, 0x00000000fbca0000)
 Metaspace       used 43416K, capacity 44518K, committed 44800K, reserved 1089536K
  class space    used 5233K, capacity 5513K, committed 5632K, reserved 1048576K
}

