# JRE version: Java(TM) SE Runtime Environment (8.0_181-b13) (build 1.8.0_181-b13)
# Java VM: Java HotSpot(TM) 64-Bit Server VM (25.181-b13 mixed mode linux-amd64 compressed oops)
Heap:
 def new generation   total 20160K, used 0K [0x00000000f0c00000, 0x00000000f21e0000, 0x00000000f5d50000)
  eden space 17920K,   0% used [0x00000000f0c00000, 0x00000000f0c00000, 0x00000000f1d80000)
  from space 2240K,   0% used [0x00000000f1d80000, 0x00000000f1d80000, 0x00000000f1fb0000)
  to   space 2240K,   0% used [0x00000000f1fb0000, 0x00000000f1fb0000, 0x00000000f21e0000)
 tenured generation   total 44484K, used 26689K [0x00000000f5d50000, 0x00000000f88c1000, 0x0000000100000000)
   the space 44484K,  59% used [0x00000000f5d50000, 0x00000000f77607d0, 0x00000000f7760800, 0x00000000f88c1000)
 Metaspace       used 42424K, capacity 43252K, committed 43520K, reserved 1087488K
  class space    used 5143K, capacity 5358K, committed 5376K, reserved 1048576K
GC Heap History (10 events):
Event: 37.855 GC heap before
{Heap before GC invocations=184 (full 4):
 def new generation   total 19712K, used 19118K [0x00000000f0c00000, 0x00000000f2160000, 0x00000000f5d50000)
  eden space 17536K, 100% used [0x00000000f0c00000, 0x00000000f1d20000, 0x00000000f1d20000)
  from space 2176K,  72% used [0x00000000f1d20000, 0x00000000f1eab990, 0x00000000f1f40000)
  to   space 2176K,   0% used [0x00000000f1f40000, 0x00000000f1f40000, 0x00000000f2160000)
 tenured generation   total 43404K, used 34265K [0x00000000f5d50000, 0x00000000f87b3000, 0x0000000100000000)
   the space 43404K,  78% used [0x00000000f5d50000, 0x00000000f7ec65a8, 0x00000000f7ec6600, 0x00000000f87b3000)
 Metaspace       used 41701K, capacity 42494K, committed 42624K, reserved 1087488K
  class space    used 5049K, capacity 5239K, committed 5248K, reserved 1048576K
Event: 37.864 GC heap after
Heap after GC invocations=185 (full 4):
 def new generation   total 19712K, used 258K [0x00000000f0c00000, 0x00000000f2160000, 0x00000000f5d50000)
  eden space 17536K,   0% used [0x00000000f0c00000, 0x00000000f0c00000, 0x00000000f1d20000)
  from space 2176K,  11% used [0x00000000f1f40000, 0x00000000f1f80910, 0x00000000f2160000)
  to   space 2176K,   0% used [0x00000000f1d20000, 0x00000000f1d20000, 0x00000000f1f40000)
 tenured generation   total 43404K, used 35049K [0x00000000f5d50000, 0x00000000f87b3000, 0x0000000100000000)
   the space 43404K,  80% used [0x00000000f5d50000, 0x00000000f7f8a590, 0x00000000f7f8a600, 0x00000000f87b3000)
 Metaspace       used 41701K, capacity 42494K, committed 42624K, reserved 1087488K
  class space    used 5049K, capacity 5239K, committed 5248K, reserved 1048576K
}
Event: 38.078 GC heap before
{Heap before GC invocations=185 (full 4):
 def new generation   total 19712K, used 17794K [0x00000000f0c00000, 0x00000000f2160000, 0x00000000f5d50000)
  eden space 17536K, 100% used [0x00000000f0c00000, 0x00000000f1d20000, 0x00000000f1d20000)
  from space 2176K,  11% used [0x00000000f1f40000, 0x00000000f1f80910, 0x00000000f2160000)
  to   space 2176K,   0% used [0x00000000f1d20000, 0x00000000f1d20000, 0x00000000f1f40000)
 tenured generation   total 43404K, used 35049K [0x00000000f5d50000, 0x00000000f87b3000, 0x0000000100000000)
   the space 43404K,  80% used [0x00000000f5d50000, 0x00000000f7f8a590, 0x00000000f7f8a600, 0x00000000f87b3000)
 Metaspace       used 41870K, capacity 42594K, committed 43008K, reserved 1087488K
  class space    used 5073K, capacity 5249K, committed 5376K, reserved 1048576K
Event: 38.081 GC heap after
Heap after GC invocations=186 (full 4):
 def new generation   total 19712K, used 342K [0x00000000f0c00000, 0x00000000f2160000, 0x00000000f5d50000)
  eden space 17536K,   0% used [0x00000000f0c00000, 0x00000000f0c00000, 0x00000000f1d20000)
  from space 2176K,  15% used [0x00000000f1d20000, 0x00000000f1d759d8, 0x00000000f1f40000)
  to   space 2176K,   0% used [0x00000000f1f40000, 0x00000000f1f40000, 0x00000000f2160000)
 tenured generation   total 43404K, used 35049K [0x00000000f5d50000, 0x00000000f87b3000, 0x0000000100000000)
   the space 43404K,  80% used [0x00000000f5d50000, 0x00000000f7f8a590, 0x00000000f7f8a600, 0x00000000f87b3000)
 Metaspace       used 41870K, capacity 42594K, committed 43008K, reserved 1087488K
  class space    used 5073K, capacity 5249K, committed 5376K, reserved 1048576K
}
Event: 38.301 GC heap before
{Heap before GC invocations=186 (full 4):
 def new generation   total 19712K, used 17878K [0x00000000f0c00000, 0x00000000f2160000, 0x00000000f5d50000)
  eden space 17536K, 100% used [0x00000000f0c00000, 0x00000000f1d20000, 0x00000000f1d20000)
  from space 2176K,  15% used [0x00000000f1d20000, 0x00000000f1d759d8, 0x00000000f1f40000)
  to   space 2176K,   0% used [0x00000000f1f40000, 0x00000000f1f40000, 0x00000000f2160000)
 tenured generation   total 43404K, used 35049K [0x00000000f5d50000, 0x00000000f87b3000, 0x0000000100000000)
   the space 43404K,  80% used [0x00000000f5d50000, 0x00000000f7f8a590, 0x00000000f7f8a600, 0x00000000f87b3000)
 Metaspace       used 42010K, capacity 42832K, committed 43008K, reserved 1087488K
  class space    used 5092K, capacity 5284K, committed 5376K, reserved 1048576K
Event: 38.304 GC heap after
Heap after GC invocations=187 (full 4):
 def new generation   total 19712K, used 732K [0x00000000f0c00000, 0x00000000f2160000, 0x00000000f5d50000)
  eden space 17536K,   0% used [0x00000000f0c00000, 0x00000000f0c00000, 0x00000000f1d20000)
  from space 2176K,  33% used [0x00000000f1f40000, 0x00000000f1ff7300, 0x00000000f2160000)
  to   space 2176K,   0% used [0x00000000f1d20000, 0x00000000f1d20000, 0x00000000f1f40000)
 tenured generation   total 43404K, used 35049K [0x00000000f5d50000, 0x00000000f87b3000, 0x0000000100000000)
   the space 43404K,  80% used [0x00000000f5d50000, 0x00000000f7f8a590, 0x00000000f7f8a600, 0x00000000f87b3000)
 Metaspace       used 42010K, capacity 42832K, committed 43008K, reserved 1087488K
  class space    used 5092K, capacity 5284K, committed 5376K, reserved 1048576K
}
Event: 38.518 GC heap before
{Heap before GC invocations=187 (full 4):
 def new generation   total 19712K, used 18268K [0x00000000f0c00000, 0x00000000f2160000, 0x00000000f5d50000)
  eden space 17536K, 100% used [0x00000000f0c00000, 0x00000000f1d20000, 0x00000000f1d20000)
  from space 2176K,  33% used [0x00000000f1f40000, 0x00000000f1ff7300, 0x00000000f2160000)
  to   space 2176K,   0% used [0x00000000f1d20000, 0x00000000f1d20000, 0x00000000f1f40000)
 tenured generation   total 43404K, used 35049K [0x00000000f5d50000, 0x00000000f87b3000, 0x0000000100000000)
   the space 43404K,  80% used [0x00000000f5d50000, 0x00000000f7f8a590, 0x00000000f7f8a600, 0x00000000f87b3000)
 Metaspace       used 42262K, capacity 43056K, committed 43264K, reserved 1087488K
  class space    used 5123K, capacity 5292K, committed 5376K, reserved 1048576K
Event: 38.522 GC heap after
Heap after GC invocations=188 (full 4):
 def new generation   total 19712K, used 1147K [0x00000000f0c00000, 0x00000000f2160000, 0x00000000f5d50000)
  eden space 17536K,   0% used [0x00000000f0c00000, 0x00000000f0c00000, 0x00000000f1d20000)
  from space 2176K,  52% used [0x00000000f1d20000, 0x00000000f1e3ecb0, 0x00000000f1f40000)
  to   space 2176K,   0% used [0x00000000f1f40000, 0x00000000f1f40000, 0x00000000f2160000)
 tenured generation   total 43404K, used 35049K [0x00000000f5d50000, 0x00000000f87b3000, 0x0000000100000000)
   the space 43404K,  80% used [0x00000000f5d50000, 0x00000000f7f8a590, 0x00000000f7f8a600, 0x00000000f87b3000)
 Metaspace       used 42262K, capacity 43056K, committed 43264K, reserved 1087488K
  class space    used 5123K, capacity 5292K, committed 5376K, reserved 1048576K
}
Event: 38.741 GC heap before
{Heap before GC invocations=188 (full 4):
 def new generation   total 19712K, used 18560K [0x00000000f0c00000, 0x00000000f2160000, 0x00000000f5d50000)
  eden space 17536K,  99% used [0x00000000f0c00000, 0x00000000f1d016f0, 0x00000000f1d20000)
  from space 2176K,  52% used [0x00000000f1d20000, 0x00000000f1e3ecb0, 0x00000000f1f40000)
  to   space 2176K,   0% used [0x00000000f1f40000, 0x00000000f1f40000, 0x00000000f2160000)
 tenured generation   total 43404K, used 35049K [0x00000000f5d50000, 0x00000000f87b3000, 0x0000000100000000)
   the space 43404K,  80% used [0x00000000f5d50000, 0x00000000f7f8a590, 0x00000000f7f8a600, 0x00000000f87b3000)
 Metaspace       used 42424K, capacity 43252K, committed 43520K, reserved 1087488K
  class space    used 5143K, capacity 5358K, committed 5376K, reserved 1048576K
Event: 39.191 GC heap after
Heap after GC invocations=189 (full 5):
 def new generation   total 20160K, used 0K [0x00000000f0c00000, 0x00000000f21e0000, 0x00000000f5d50000)
  eden space 17920K,   0% used [0x00000000f0c00000, 0x00000000f0c00000, 0x00000000f1d80000)
  from space 2240K,   0% used [0x00000000f1d80000, 0x00000000f1d80000, 0x00000000f1fb0000)
  to   space 2240K,   0% used [0x00000000f1fb0000, 0x00000000f1fb0000, 0x00000000f21e0000)
 tenured generation   total 44484K, used 26689K [0x00000000f5d50000, 0x00000000f88c1000, 0x0000000100000000)
   the space 44484K,  59% used [0x00000000f5d50000, 0x00000000f77607d0, 0x00000000f7760800, 0x00000000f88c1000)
 Metaspace       used 42424K, capacity 43252K, committed 43520K, reserved 1087488K
  class space    used 5143K, capacity 5358K, committed 5376K, reserved 1048576K
}

