# JRE version: Java(TM) SE Runtime Environment (8.0_181-b13) (build 1.8.0_181-b13)
# Java VM: Java HotSpot(TM) 64-Bit Server VM (25.181-b13 mixed mode linux-amd64 compressed oops)
Heap:
 def new generation   total 44736K, used 0K [0x00000000f0c00000, 0x00000000f3c80000, 0x00000000f5d50000)
  eden space 39808K,   0% used [0x00000000f0c00000, 0x00000000f0c00000, 0x00000000f32e0000)
  from space 4928K,   0% used [0x00000000f32e0000, 0x00000000f32e0000, 0x00000000f37b0000)
  to   space 4928K,   0% used [0x00000000f37b0000, 0x00000000f37b0000, 0x00000000f3c80000)
 tenured generation   total 98976K, used 36440K [0x00000000f5d50000, 0x00000000fbdf8000, 0x0000000100000000)
   the space 98976K,  36% used [0x00000000f5d50000, 0x00000000f80e6230, 0x00000000f80e6400, 0x00000000fbdf8000)
 Metaspace       used 43549K, capacity 44694K, committed 44928K, reserved 1089536K
  class space    used 5226K, capacity 5481K, committed 5504K, reserved 1048576K
GC Heap History (10 events):
Event: 80.461 GC heap before
{Heap before GC invocations=276 (full 11):
 def new generation   total 44672K, used 41421K [0x00000000f0c00000, 0x00000000f3c70000, 0x00000000f5d50000)
  eden space 39744K, 100% used [0x00000000f0c00000, 0x00000000f32d0000, 0x00000000f32d0000)
  from space 4928K,  34% used [0x00000000f37a0000, 0x00000000f39437e0, 0x00000000f3c70000)
  to   space 4928K,   0% used [0x00000000f32d0000, 0x00000000f32d0000, 0x00000000f37a0000)
 tenured generation   total 98976K, used 45664K [0x00000000f5d50000, 0x00000000fbdf8000, 0x0000000100000000)
   the space 98976K,  46% used [0x00000000f5d50000, 0x00000000f89e8218, 0x00000000f89e8400, 0x00000000fbdf8000)
 Metaspace       used 43533K, capacity 44630K, committed 44928K, reserved 1089536K
  class space    used 5226K, capacity 5481K, committed 5504K, reserved 1048576K
Event: 80.469 GC heap after
Heap after GC invocations=277 (full 11):
 def new generation   total 44672K, used 1669K [0x00000000f0c00000, 0x00000000f3c70000, 0x00000000f5d50000)
  eden space 39744K,   0% used [0x00000000f0c00000, 0x00000000f0c00000, 0x00000000f32d0000)
  from space 4928K,  33% used [0x00000000f32d0000, 0x00000000f3471490, 0x00000000f37a0000)
  to   space 4928K,   0% used [0x00000000f37a0000, 0x00000000f37a0000, 0x00000000f3c70000)
 tenured generation   total 98976K, used 45664K [0x00000000f5d50000, 0x00000000fbdf8000, 0x0000000100000000)
   the space 98976K,  46% used [0x00000000f5d50000, 0x00000000f89e8218, 0x00000000f89e8400, 0x00000000fbdf8000)
 Metaspace       used 43533K, capacity 44630K, committed 44928K, reserved 1089536K
  class space    used 5226K, capacity 5481K, committed 5504K, reserved 1048576K
}
Event: 81.037 GC heap before
{Heap before GC invocations=277 (full 11):
 def new generation   total 44672K, used 41413K [0x00000000f0c00000, 0x00000000f3c70000, 0x00000000f5d50000)
  eden space 39744K, 100% used [0x00000000f0c00000, 0x00000000f32d0000, 0x00000000f32d0000)
  from space 4928K,  33% used [0x00000000f32d0000, 0x00000000f3471490, 0x00000000f37a0000)
  to   space 4928K,   0% used [0x00000000f37a0000, 0x00000000f37a0000, 0x00000000f3c70000)
 tenured generation   total 98976K, used 45664K [0x00000000f5d50000, 0x00000000fbdf8000, 0x0000000100000000)
   the space 98976K,  46% used [0x00000000f5d50000, 0x00000000f89e8218, 0x00000000f89e8400, 0x00000000fbdf8000)
 Metaspace       used 43534K, capacity 44630K, committed 44928K, reserved 1089536K
  class space    used 5226K, capacity 5481K, committed 5504K, reserved 1048576K
Event: 81.130 GC heap after
Heap after GC invocations=278 (full 11):
 def new generation   total 44672K, used 1982K [0x00000000f0c00000, 0x00000000f3c70000, 0x00000000f5d50000)
  eden space 39744K,   0% used [0x00000000f0c00000, 0x00000000f0c00000, 0x00000000f32d0000)
  from space 4928K,  40% used [0x00000000f37a0000, 0x00000000f398f8d8, 0x00000000f3c70000)
  to   space 4928K,   0% used [0x00000000f32d0000, 0x00000000f32d0000, 0x00000000f37a0000)
 tenured generation   total 98976K, used 45664K [0x00000000f5d50000, 0x00000000fbdf8000, 0x0000000100000000)
   the space 98976K,  46% used [0x00000000f5d50000, 0x00000000f89e8218, 0x00000000f89e8400, 0x00000000fbdf8000)
 Metaspace       used 43534K, capacity 44630K, committed 44928K, reserved 1089536K
  class space    used 5226K, capacity 5481K, committed 5504K, reserved 1048576K
}
Event: 82.079 GC heap before
{Heap before GC invocations=278 (full 11):
 def new generation   total 44672K, used 41726K [0x00000000f0c00000, 0x00000000f3c70000, 0x00000000f5d50000)
  eden space 39744K, 100% used [0x00000000f0c00000, 0x00000000f32d0000, 0x00000000f32d0000)
  from space 4928K,  40% used [0x00000000f37a0000, 0x00000000f398f8d8, 0x00000000f3c70000)
  to   space 4928K,   0% used [0x00000000f32d0000, 0x00000000f32d0000, 0x00000000f37a0000)
 tenured generation   total 98976K, used 45664K [0x00000000f5d50000, 0x00000000fbdf8000, 0x0000000100000000)
   the space 98976K,  46% used [0x00000000f5d50000, 0x00000000f89e8218, 0x00000000f89e8400, 0x00000000fbdf8000)
 Metaspace       used 43542K, capacity 44630K, committed 44928K, reserved 1089536K
  class space    used 5226K, capacity 5481K, committed 5504K, reserved 1048576K
Event: 82.495 GC heap after
Heap after GC invocations=279 (full 11):
 def new generation   total 44672K, used 2072K [0x00000000f0c00000, 0x00000000f3c70000, 0x00000000f5d50000)
  eden space 39744K,   0% used [0x00000000f0c00000, 0x00000000f0c00000, 0x00000000f32d0000)
  from space 4928K,  42% used [0x00000000f32d0000, 0x00000000f34d61d0, 0x00000000f37a0000)
  to   space 4928K,   0% used [0x00000000f37a0000, 0x00000000f37a0000, 0x00000000f3c70000)
 tenured generation   total 98976K, used 45664K [0x00000000f5d50000, 0x00000000fbdf8000, 0x0000000100000000)
   the space 98976K,  46% used [0x00000000f5d50000, 0x00000000f89e8218, 0x00000000f89e8400, 0x00000000fbdf8000)
 Metaspace       used 43542K, capacity 44630K, committed 44928K, reserved 1089536K
  class space    used 5226K, capacity 5481K, committed 5504K, reserved 1048576K
}
Event: 83.518 GC heap before
{Heap before GC invocations=279 (full 11):
 def new generation   total 44672K, used 41816K [0x00000000f0c00000, 0x00000000f3c70000, 0x00000000f5d50000)
  eden space 39744K, 100% used [0x00000000f0c00000, 0x00000000f32d0000, 0x00000000f32d0000)
  from space 4928K,  42% used [0x00000000f32d0000, 0x00000000f34d61d0, 0x00000000f37a0000)
  to   space 4928K,   0% used [0x00000000f37a0000, 0x00000000f37a0000, 0x00000000f3c70000)
 tenured generation   total 98976K, used 45664K [0x00000000f5d50000, 0x00000000fbdf8000, 0x0000000100000000)
   the space 98976K,  46% used [0x00000000f5d50000, 0x00000000f89e8218, 0x00000000f89e8400, 0x00000000fbdf8000)
 Metaspace       used 43544K, capacity 44630K, committed 44928K, reserved 1089536K
  class space    used 5226K, capacity 5481K, committed 5504K, reserved 1048576K
Event: 83.607 GC heap after
Heap after GC invocations=280 (full 11):
 def new generation   total 44672K, used 1994K [0x00000000f0c00000, 0x00000000f3c70000, 0x00000000f5d50000)
  eden space 39744K,   0% used [0x00000000f0c00000, 0x00000000f0c00000, 0x00000000f32d0000)
  from space 4928K,  40% used [0x00000000f37a0000, 0x00000000f3992bb8, 0x00000000f3c70000)
  to   space 4928K,   0% used [0x00000000f32d0000, 0x00000000f32d0000, 0x00000000f37a0000)
 tenured generation   total 98976K, used 45702K [0x00000000f5d50000, 0x00000000fbdf8000, 0x0000000100000000)
   the space 98976K,  46% used [0x00000000f5d50000, 0x00000000f89f1ad0, 0x00000000f89f1c00, 0x00000000fbdf8000)
 Metaspace       used 43544K, capacity 44630K, committed 44928K, reserved 1089536K
  class space    used 5226K, capacity 5481K, committed 5504K, reserved 1048576K
}
Event: 84.066 GC heap before
{Heap before GC invocations=280 (full 11):
 def new generation   total 44672K, used 39937K [0x00000000f0c00000, 0x00000000f3c70000, 0x00000000f5d50000)
  eden space 39744K,  95% used [0x00000000f0c00000, 0x00000000f310db80, 0x00000000f32d0000)
  from space 4928K,  40% used [0x00000000f37a0000, 0x00000000f3992bb8, 0x00000000f3c70000)
  to   space 4928K,   0% used [0x00000000f32d0000, 0x00000000f32d0000, 0x00000000f37a0000)
 tenured generation   total 98976K, used 45702K [0x00000000f5d50000, 0x00000000fbdf8000, 0x0000000100000000)
   the space 98976K,  46% used [0x00000000f5d50000, 0x00000000f89f1ad0, 0x00000000f89f1c00, 0x00000000fbdf8000)
 Metaspace       used 43549K, capacity 44694K, committed 44928K, reserved 1089536K
  class space    used 5226K, capacity 5481K, committed 5504K, reserved 1048576K
Event: 84.636 GC heap after
Heap after GC invocations=281 (full 12):
 def new generation   total 44736K, used 0K [0x00000000f0c00000, 0x00000000f3c80000, 0x00000000f5d50000)
  eden space 39808K,   0% used [0x00000000f0c00000, 0x00000000f0c00000, 0x00000000f32e0000)
  from space 4928K,   0% used [0x00000000f32e0000, 0x00000000f32e0000, 0x00000000f37b0000)
  to   space 4928K,   0% used [0x00000000f37b0000, 0x00000000f37b0000, 0x00000000f3c80000)
 tenured generation   total 98976K, used 36440K [0x00000000f5d50000, 0x00000000fbdf8000, 0x0000000100000000)
   the space 98976K,  36% used [0x00000000f5d50000, 0x00000000f80e6230, 0x00000000f80e6400, 0x00000000fbdf8000)
 Metaspace       used 43549K, capacity 44694K, committed 44928K, reserved 1089536K
  class space    used 5226K, capacity 5481K, committed 5504K, reserved 1048576K
}

