# JRE version: Java(TM) SE Runtime Environment (8.0_151-b12) (build 1.8.0_151-b12)
# Java VM: Java HotSpot(TM) 64-Bit Server VM (25.151-b12 mixed mode linux-amd64 compressed oops)
Heap:
 PSYoungGen      total 68608K, used 21546K [0x00000000d6d00000, 0x00000000db500000, 0x0000000100000000)
  eden space 63488K, 33% used [0x00000000d6d00000,0x00000000d820a8d8,0x00000000dab00000)
  from space 5120K, 0% used [0x00000000db000000,0x00000000db000000,0x00000000db500000)
  to   space 5120K, 0% used [0x00000000dab00000,0x00000000dab00000,0x00000000db000000)
 ParOldGen       total 66048K, used 8946K [0x0000000084600000, 0x0000000088680000, 0x00000000d6d00000)
  object space 66048K, 13% used [0x0000000084600000,0x0000000084ebc818,0x0000000088680000)
 Metaspace       used 24976K, capacity 25260K, committed 25728K, reserved 1071104K
  class space    used 2984K, capacity 3102K, committed 3200K, reserved 1048576K
GC Heap History (6 events):
Event: 0.605 GC heap before
{Heap before GC invocations=1 (full 0):
 PSYoungGen      total 36864K, used 31708K [0x00000000d6d00000, 0x00000000d9600000, 0x0000000100000000)
  eden space 31744K, 99% used [0x00000000d6d00000,0x00000000d8bf70e8,0x00000000d8c00000)
  from space 5120K, 0% used [0x00000000d9100000,0x00000000d9100000,0x00000000d9600000)
  to   space 5120K, 0% used [0x00000000d8c00000,0x00000000d8c00000,0x00000000d9100000)
 ParOldGen       total 84992K, used 0K [0x0000000084600000, 0x0000000089900000, 0x00000000d6d00000)
  object space 84992K, 0% used [0x0000000084600000,0x0000000084600000,0x0000000089900000)
 Metaspace       used 14120K, capacity 14304K, committed 14592K, reserved 1062912K
  class space    used 1642K, capacity 1722K, committed 1792K, reserved 1048576K
Event: 0.612 GC heap after
Heap after GC invocations=1 (full 0):
 PSYoungGen      total 36864K, used 5113K [0x00000000d6d00000, 0x00000000db500000, 0x0000000100000000)
  eden space 31744K, 0% used [0x00000000d6d00000,0x00000000d6d00000,0x00000000d8c00000)
  from space 5120K, 99% used [0x00000000d8c00000,0x00000000d90fe590,0x00000000d9100000)
  to   space 5120K, 0% used [0x00000000db000000,0x00000000db000000,0x00000000db500000)
 ParOldGen       total 84992K, used 3044K [0x0000000084600000, 0x0000000089900000, 0x00000000d6d00000)
  object space 84992K, 3% used [0x0000000084600000,0x00000000848f9348,0x0000000089900000)
 Metaspace       used 14120K, capacity 14304K, committed 14592K, reserved 1062912K
  class space    used 1642K, capacity 1722K, committed 1792K, reserved 1048576K
}
Event: 1.168 GC heap before
{Heap before GC invocations=2 (full 0):
 PSYoungGen      total 36864K, used 33611K [0x00000000d6d00000, 0x00000000db500000, 0x0000000100000000)
  eden space 31744K, 89% used [0x00000000d6d00000,0x00000000d88d4a48,0x00000000d8c00000)
  from space 5120K, 99% used [0x00000000d8c00000,0x00000000d90fe590,0x00000000d9100000)
  to   space 5120K, 0% used [0x00000000db000000,0x00000000db000000,0x00000000db500000)
 ParOldGen       total 84992K, used 3044K [0x0000000084600000, 0x0000000089900000, 0x00000000d6d00000)
  object space 84992K, 3% used [0x0000000084600000,0x00000000848f9348,0x0000000089900000)
 Metaspace       used 20808K, capacity 21008K, committed 21296K, reserved 1069056K
  class space    used 2491K, capacity 2566K, committed 2688K, reserved 1048576K
Event: 1.176 GC heap after
Heap after GC invocations=2 (full 0):
 PSYoungGen      total 68608K, used 5092K [0x00000000d6d00000, 0x00000000db500000, 0x0000000100000000)
  eden space 63488K, 0% used [0x00000000d6d00000,0x00000000d6d00000,0x00000000dab00000)
  from space 5120K, 99% used [0x00000000db000000,0x00000000db4f9308,0x00000000db500000)
  to   space 5120K, 0% used [0x00000000dab00000,0x00000000dab00000,0x00000000db000000)
 ParOldGen       total 84992K, used 7237K [0x0000000084600000, 0x0000000089900000, 0x00000000d6d00000)
  object space 84992K, 8% used [0x0000000084600000,0x0000000084d11600,0x0000000089900000)
 Metaspace       used 20808K, capacity 21008K, committed 21296K, reserved 1069056K
  class space    used 2491K, capacity 2566K, committed 2688K, reserved 1048576K
}
Event: 1.176 GC heap before
{Heap before GC invocations=3 (full 1):
 PSYoungGen      total 68608K, used 5092K [0x00000000d6d00000, 0x00000000db500000, 0x0000000100000000)
  eden space 63488K, 0% used [0x00000000d6d00000,0x00000000d6d00000,0x00000000dab00000)
  from space 5120K, 99% used [0x00000000db000000,0x00000000db4f9308,0x00000000db500000)
  to   space 5120K, 0% used [0x00000000dab00000,0x00000000dab00000,0x00000000db000000)
 ParOldGen       total 84992K, used 7237K [0x0000000084600000, 0x0000000089900000, 0x00000000d6d00000)
  object space 84992K, 8% used [0x0000000084600000,0x0000000084d11600,0x0000000089900000)
 Metaspace       used 20808K, capacity 21008K, committed 21296K, reserved 1069056K
  class space    used 2491K, capacity 2566K, committed 2688K, reserved 1048576K
Event: 1.202 GC heap after
Heap after GC invocations=3 (full 1):
 PSYoungGen      total 68608K, used 0K [0x00000000d6d00000, 0x00000000db500000, 0x0000000100000000)
  eden space 63488K, 0% used [0x00000000d6d00000,0x00000000d6d00000,0x00000000dab00000)
  from space 5120K, 0% used [0x00000000db000000,0x00000000db000000,0x00000000db500000)
  to   space 5120K, 0% used [0x00000000dab00000,0x00000000dab00000,0x00000000db000000)
 ParOldGen       total 66048K, used 8946K [0x0000000084600000, 0x0000000088680000, 0x00000000d6d00000)
  object space 66048K, 13% used [0x0000000084600000,0x0000000084ebc818,0x0000000088680000)
 Metaspace       used 20808K, capacity 21008K, committed 21296K, reserved 1069056K
  class space    used 2491K, capacity 2566K, committed 2688K, reserved 1048576K
}

