# JRE version: Java(TM) SE Runtime Environment (8.0_151-b12) (build 1.8.0_151-b12)
# Java VM: Java HotSpot(TM) 64-Bit Server VM (25.151-b12 mixed mode linux-amd64 compressed oops)
Heap:
 PSYoungGen      total 68608K, used 20416K [0x00000000d6d00000, 0x00000000db500000, 0x0000000100000000)
  eden space 63488K, 32% used [0x00000000d6d00000,0x00000000d80f0008,0x00000000dab00000)
  from space 5120K, 0% used [0x00000000db000000,0x00000000db000000,0x00000000db500000)
  to   space 5120K, 0% used [0x00000000dab00000,0x00000000dab00000,0x00000000db000000)
 ParOldGen       total 65536K, used 8990K [0x0000000084600000, 0x0000000088600000, 0x00000000d6d00000)
  object space 65536K, 13% used [0x0000000084600000,0x0000000084ec7850,0x0000000088600000)
 Metaspace       used 24796K, capacity 25094K, committed 25344K, reserved 1071104K
  class space    used 2962K, capacity 3069K, committed 3072K, reserved 1048576K
GC Heap History (6 events):
Event: 0.610 GC heap before
{Heap before GC invocations=1 (full 0):
 PSYoungGen      total 36864K, used 31711K [0x00000000d6d00000, 0x00000000d9600000, 0x0000000100000000)
  eden space 31744K, 99% used [0x00000000d6d00000,0x00000000d8bf7cf8,0x00000000d8c00000)
  from space 5120K, 0% used [0x00000000d9100000,0x00000000d9100000,0x00000000d9600000)
  to   space 5120K, 0% used [0x00000000d8c00000,0x00000000d8c00000,0x00000000d9100000)
 ParOldGen       total 84992K, used 0K [0x0000000084600000, 0x0000000089900000, 0x00000000d6d00000)
  object space 84992K, 0% used [0x0000000084600000,0x0000000084600000,0x0000000089900000)
 Metaspace       used 14113K, capacity 14304K, committed 14592K, reserved 1062912K
  class space    used 1642K, capacity 1722K, committed 1792K, reserved 1048576K
Event: 0.617 GC heap after
Heap after GC invocations=1 (full 0):
 PSYoungGen      total 36864K, used 5100K [0x00000000d6d00000, 0x00000000db500000, 0x0000000100000000)
  eden space 31744K, 0% used [0x00000000d6d00000,0x00000000d6d00000,0x00000000d8c00000)
  from space 5120K, 99% used [0x00000000d8c00000,0x00000000d90fb248,0x00000000d9100000)
  to   space 5120K, 0% used [0x00000000db000000,0x00000000db000000,0x00000000db500000)
 ParOldGen       total 84992K, used 3054K [0x0000000084600000, 0x0000000089900000, 0x00000000d6d00000)
  object space 84992K, 3% used [0x0000000084600000,0x00000000848fbad8,0x0000000089900000)
 Metaspace       used 14113K, capacity 14304K, committed 14592K, reserved 1062912K
  class space    used 1642K, capacity 1722K, committed 1792K, reserved 1048576K
}
Event: 1.150 GC heap before
{Heap before GC invocations=2 (full 0):
 PSYoungGen      total 36864K, used 34041K [0x00000000d6d00000, 0x00000000db500000, 0x0000000100000000)
  eden space 31744K, 91% used [0x00000000d6d00000,0x00000000d89433d8,0x00000000d8c00000)
  from space 5120K, 99% used [0x00000000d8c00000,0x00000000d90fb248,0x00000000d9100000)
  to   space 5120K, 0% used [0x00000000db000000,0x00000000db000000,0x00000000db500000)
 ParOldGen       total 84992K, used 3054K [0x0000000084600000, 0x0000000089900000, 0x00000000d6d00000)
  object space 84992K, 3% used [0x0000000084600000,0x00000000848fbad8,0x0000000089900000)
 Metaspace       used 20838K, capacity 21008K, committed 21296K, reserved 1069056K
  class space    used 2499K, capacity 2566K, committed 2688K, reserved 1048576K
Event: 1.158 GC heap after
Heap after GC invocations=2 (full 0):
 PSYoungGen      total 68608K, used 5092K [0x00000000d6d00000, 0x00000000db500000, 0x0000000100000000)
  eden space 63488K, 0% used [0x00000000d6d00000,0x00000000d6d00000,0x00000000dab00000)
  from space 5120K, 99% used [0x00000000db000000,0x00000000db4f9350,0x00000000db500000)
  to   space 5120K, 0% used [0x00000000dab00000,0x00000000dab00000,0x00000000db000000)
 ParOldGen       total 84992K, used 7267K [0x0000000084600000, 0x0000000089900000, 0x00000000d6d00000)
  object space 84992K, 8% used [0x0000000084600000,0x0000000084d18f98,0x0000000089900000)
 Metaspace       used 20838K, capacity 21008K, committed 21296K, reserved 1069056K
  class space    used 2499K, capacity 2566K, committed 2688K, reserved 1048576K
}
Event: 1.158 GC heap before
{Heap before GC invocations=3 (full 1):
 PSYoungGen      total 68608K, used 5092K [0x00000000d6d00000, 0x00000000db500000, 0x0000000100000000)
  eden space 63488K, 0% used [0x00000000d6d00000,0x00000000d6d00000,0x00000000dab00000)
  from space 5120K, 99% used [0x00000000db000000,0x00000000db4f9350,0x00000000db500000)
  to   space 5120K, 0% used [0x00000000dab00000,0x00000000dab00000,0x00000000db000000)
 ParOldGen       total 84992K, used 7267K [0x0000000084600000, 0x0000000089900000, 0x00000000d6d00000)
  object space 84992K, 8% used [0x0000000084600000,0x0000000084d18f98,0x0000000089900000)
 Metaspace       used 20838K, capacity 21008K, committed 21296K, reserved 1069056K
  class space    used 2499K, capacity 2566K, committed 2688K, reserved 1048576K
Event: 1.183 GC heap after
Heap after GC invocations=3 (full 1):
 PSYoungGen      total 68608K, used 0K [0x00000000d6d00000, 0x00000000db500000, 0x0000000100000000)
  eden space 63488K, 0% used [0x00000000d6d00000,0x00000000d6d00000,0x00000000dab00000)
  from space 5120K, 0% used [0x00000000db000000,0x00000000db000000,0x00000000db500000)
  to   space 5120K, 0% used [0x00000000dab00000,0x00000000dab00000,0x00000000db000000)
 ParOldGen       total 65536K, used 8990K [0x0000000084600000, 0x0000000088600000, 0x00000000d6d00000)
  object space 65536K, 13% used [0x0000000084600000,0x0000000084ec7850,0x0000000088600000)
 Metaspace       used 20838K, capacity 21008K, committed 21296K, reserved 1069056K
  class space    used 2499K, capacity 2566K, committed 2688K, reserved 1048576K
}

